<?xml version="1.0" encoding="UTF-8"?>
<coverage generated="1771151638481" clover="3.2.0">
  <project timestamp="1771151638481" name="All files">
    <metrics statements="685" coveredstatements="612" conditionals="464" coveredconditionals="368" methods="234" coveredmethods="191" elements="1383" coveredelements="1171" complexity="0" loc="685" ncloc="685" packages="7" files="24" classes="24"/>
    <package name="src">
      <metrics statements="1" coveredstatements="1" conditionals="0" coveredconditionals="0" methods="1" coveredmethods="1"/>
      <file name="App.jsx" path="/Users/lohanlacroix/dev/tu/durand-lacroix-mybudget-testing/frontend/src/App.jsx">
        <metrics statements="1" coveredstatements="1" conditionals="0" coveredconditionals="0" methods="1" coveredmethods="1"/>
        <line num="15" count="29" type="stmt"/>
      </file>
    </package>
    <package name="src.__tests__.__mocks__">
      <metrics statements="21" coveredstatements="19" conditionals="0" coveredconditionals="0" methods="12" coveredmethods="10"/>
      <file name="handlers.ts" path="/Users/lohanlacroix/dev/tu/durand-lacroix-mybudget-testing/frontend/src/__tests__/__mocks__/handlers.ts">
        <metrics statements="21" coveredstatements="19" conditionals="0" coveredconditionals="0" methods="12" coveredmethods="10"/>
        <line num="3" count="15" type="stmt"/>
        <line num="5" count="15" type="stmt"/>
        <line num="12" count="15" type="stmt"/>
        <line num="16" count="15" type="stmt"/>
        <line num="20" count="15" type="stmt"/>
        <line num="26" count="15" type="stmt"/>
        <line num="45" count="15" type="stmt"/>
        <line num="70" count="15" type="stmt"/>
        <line num="82" count="15" type="stmt"/>
        <line num="84" count="4" type="stmt"/>
        <line num="87" count="1" type="stmt"/>
        <line num="90" count="100" type="stmt"/>
        <line num="93" count="52" type="stmt"/>
        <line num="96" count="0" type="stmt"/>
        <line num="99" count="0" type="stmt"/>
        <line num="102" count="2" type="stmt"/>
        <line num="105" count="1" type="stmt"/>
        <line num="108" count="22" type="stmt"/>
        <line num="110" count="10" type="stmt"/>
        <line num="113" count="1" type="stmt"/>
        <line num="115" count="1" type="stmt"/>
      </file>
    </package>
    <package name="src.api">
      <metrics statements="49" coveredstatements="42" conditionals="28" coveredconditionals="18" methods="29" coveredmethods="26"/>
      <file name="client.js" path="/Users/lohanlacroix/dev/tu/durand-lacroix-mybudget-testing/frontend/src/api/client.js">
        <metrics statements="49" coveredstatements="42" conditionals="28" coveredconditionals="18" methods="29" coveredmethods="26"/>
        <line num="3" count="13" type="stmt"/>
        <line num="5" count="13" type="stmt"/>
        <line num="6" count="237" type="cond" truecount="2" falsecount="0"/>
        <line num="8" count="13" type="stmt"/>
        <line num="10" count="237" type="stmt"/>
        <line num="11" count="237" type="cond" truecount="4" falsecount="0"/>
        <line num="12" count="92" type="stmt"/>
        <line num="14" count="237" type="stmt"/>
        <line num="16" count="0" type="stmt"/>
        <line num="19" count="13" type="stmt"/>
        <line num="20" count="212" type="stmt"/>
        <line num="22" count="24" type="cond" truecount="2" falsecount="0"/>
        <line num="26" count="11" type="stmt"/>
        <line num="27" count="11" type="stmt"/>
        <line num="28" count="11" type="stmt"/>
        <line num="29" count="11" type="stmt"/>
        <line num="30" count="11" type="stmt"/>
        <line num="32" count="24" type="stmt"/>
        <line num="36" count="100" type="stmt"/>
        <line num="38" count="13" type="cond" truecount="1" falsecount="0"/>
        <line num="39" count="64" type="stmt"/>
        <line num="40" count="64" type="cond" truecount="2" falsecount="0"/>
        <line num="41" count="64" type="cond" truecount="2" falsecount="0"/>
        <line num="42" count="64" type="cond" truecount="2" falsecount="0"/>
        <line num="43" count="64" type="cond" truecount="1" falsecount="1"/>
        <line num="44" count="64" type="stmt"/>
        <line num="47" count="13" type="stmt"/>
        <line num="48" count="4" type="stmt"/>
        <line num="50" count="26" type="stmt"/>
        <line num="52" count="13" type="stmt"/>
        <line num="54" count="13" type="stmt"/>
        <line num="55" count="3" type="stmt"/>
        <line num="57" count="13" type="stmt"/>
        <line num="58" count="4" type="stmt"/>
        <line num="60" count="13" type="stmt"/>
        <line num="61" count="4" type="stmt"/>
        <line num="62" count="13" type="stmt"/>
        <line num="63" count="7" type="stmt"/>
        <line num="65" count="13" type="stmt"/>
        <line num="66" count="7" type="stmt"/>
        <line num="67" count="13" type="stmt"/>
        <line num="68" count="8" type="stmt"/>
        <line num="69" count="13" type="cond" truecount="0" falsecount="1"/>
        <line num="70" count="0" type="stmt"/>
        <line num="71" count="0" type="cond" truecount="0" falsecount="2"/>
        <line num="72" count="0" type="cond" truecount="0" falsecount="2"/>
        <line num="73" count="0" type="cond" truecount="0" falsecount="2"/>
        <line num="74" count="0" type="cond" truecount="0" falsecount="2"/>
        <line num="75" count="0" type="stmt"/>
      </file>
    </package>
    <package name="src.components">
      <metrics statements="181" coveredstatements="168" conditionals="129" coveredconditionals="102" methods="60" coveredmethods="48"/>
      <file name="BackgroundShapes.jsx" path="/Users/lohanlacroix/dev/tu/durand-lacroix-mybudget-testing/frontend/src/components/BackgroundShapes.jsx">
        <metrics statements="1" coveredstatements="1" conditionals="0" coveredconditionals="0" methods="1" coveredmethods="1"/>
        <line num="2" count="24" type="stmt"/>
      </file>
      <file name="BudgetCard.jsx" path="/Users/lohanlacroix/dev/tu/durand-lacroix-mybudget-testing/frontend/src/components/BudgetCard.jsx">
        <metrics statements="24" coveredstatements="14" conditionals="14" coveredconditionals="2" methods="6" coveredmethods="2"/>
        <line num="4" count="0" type="cond" truecount="0" falsecount="4"/>
        <line num="5" count="0" type="cond" truecount="0" falsecount="2"/>
        <line num="6" count="0" type="stmt"/>
        <line num="9" count="11" type="stmt"/>
        <line num="10" count="671" type="stmt"/>
        <line num="15" count="80" type="stmt"/>
        <line num="16" count="80" type="cond" truecount="2" falsecount="0"/>
        <line num="17" count="50" type="stmt"/>
        <line num="18" count="50" type="stmt"/>
        <line num="19" count="50" type="stmt"/>
        <line num="20" count="50" type="stmt"/>
        <line num="21" count="50" type="stmt"/>
        <line num="23" count="30" type="stmt"/>
        <line num="24" count="30" type="stmt"/>
        <line num="25" count="30" type="stmt"/>
        <line num="26" count="30" type="stmt"/>
        <line num="27" count="30" type="stmt"/>
        <line num="31" count="0" type="stmt"/>
        <line num="32" count="0" type="stmt"/>
        <line num="33" count="0" type="stmt"/>
        <line num="35" count="0" type="stmt"/>
        <line num="38" count="0" type="stmt"/>
        <line num="53" count="0" type="stmt"/>
        <line num="54" count="0" type="stmt"/>
      </file>
      <file name="BudgetFormModal.jsx" path="/Users/lohanlacroix/dev/tu/durand-lacroix-mybudget-testing/frontend/src/components/BudgetFormModal.jsx">
        <metrics statements="52" coveredstatements="52" conditionals="33" coveredconditionals="32" methods="13" coveredmethods="12"/>
        <line num="7" count="132" type="stmt"/>
        <line num="8" count="132" type="stmt"/>
        <line num="9" count="132" type="stmt"/>
        <line num="10" count="132" type="stmt"/>
        <line num="11" count="132" type="stmt"/>
        <line num="12" count="132" type="stmt"/>
        <line num="18" count="132" type="stmt"/>
        <line num="20" count="132" type="stmt"/>
        <line num="21" count="35" type="cond" truecount="2" falsecount="0"/>
        <line num="22" count="16" type="stmt"/>
        <line num="25" count="16" type="cond" truecount="2" falsecount="0"/>
        <line num="26" count="9" type="stmt"/>
        <line num="32" count="9" type="stmt"/>
        <line num="33" count="9" type="stmt"/>
        <line num="35" count="7" type="stmt"/>
        <line num="41" count="7" type="stmt"/>
        <line num="42" count="7" type="stmt"/>
        <line num="44" count="16" type="stmt"/>
        <line num="49" count="132" type="cond" truecount="3" falsecount="0"/>
        <line num="51" count="132" type="stmt"/>
        <line num="52" count="10" type="stmt"/>
        <line num="53" count="10" type="cond" truecount="2" falsecount="0"/>
        <line num="54" count="2" type="stmt"/>
        <line num="55" count="2" type="stmt"/>
        <line num="57" count="8" type="cond" truecount="4" falsecount="0"/>
        <line num="58" count="1" type="stmt"/>
        <line num="59" count="1" type="stmt"/>
        <line num="61" count="7" type="stmt"/>
        <line num="62" count="7" type="stmt"/>
        <line num="63" count="7" type="stmt"/>
        <line num="64" count="7" type="stmt"/>
        <line num="70" count="7" type="cond" truecount="2" falsecount="0"/>
        <line num="71" count="4" type="stmt"/>
        <line num="72" count="1" type="stmt"/>
        <line num="74" count="3" type="stmt"/>
        <line num="75" count="1" type="stmt"/>
        <line num="77" count="2" type="stmt"/>
        <line num="78" count="2" type="stmt"/>
        <line num="80" count="5" type="cond" truecount="1" falsecount="1"/>
        <line num="81" count="5" type="cond" truecount="2" falsecount="0"/>
        <line num="82" count="2" type="stmt"/>
        <line num="83" count="3" type="cond" truecount="2" falsecount="0"/>
        <line num="84" count="1" type="stmt"/>
        <line num="85" count="1" type="stmt"/>
        <line num="87" count="2" type="stmt"/>
        <line num="90" count="7" type="stmt"/>
        <line num="94" count="132" type="stmt"/>
        <line num="109" count="4" type="stmt"/>
        <line num="115" count="231" type="stmt"/>
        <line num="132" count="30" type="stmt"/>
        <line num="148" count="5" type="stmt"/>
        <line num="163" count="5" type="stmt"/>
      </file>
      <file name="CategoryIcons.jsx" path="/Users/lohanlacroix/dev/tu/durand-lacroix-mybudget-testing/frontend/src/components/CategoryIcons.jsx">
        <metrics statements="3" coveredstatements="3" conditionals="3" coveredconditionals="3" methods="1" coveredmethods="1"/>
        <line num="1" count="10" type="cond" truecount="1" falsecount="0"/>
        <line num="2" count="340" type="stmt"/>
        <line num="215" count="340" type="cond" truecount="2" falsecount="0"/>
      </file>
      <file name="ConfirmDialog.jsx" path="/Users/lohanlacroix/dev/tu/durand-lacroix-mybudget-testing/frontend/src/components/ConfirmDialog.jsx">
        <metrics statements="8" coveredstatements="8" conditionals="11" coveredconditionals="11" methods="3" coveredmethods="3"/>
        <line num="13" count="147" type="cond" truecount="2" falsecount="0"/>
        <line num="15" count="23" type="stmt"/>
        <line num="30" count="23" type="stmt"/>
        <line num="32" count="23" type="stmt"/>
        <line num="39" count="12" type="stmt"/>
        <line num="56" count="12" type="stmt"/>
        <line num="57" count="12" type="cond" truecount="2" falsecount="0"/>
        <line num="58" count="4" type="stmt"/>
      </file>
      <file name="Layout.jsx" path="/Users/lohanlacroix/dev/tu/durand-lacroix-mybudget-testing/frontend/src/components/Layout.jsx">
        <metrics statements="21" coveredstatements="21" conditionals="10" coveredconditionals="9" methods="7" coveredmethods="7"/>
        <line num="9" count="24" type="stmt"/>
        <line num="10" count="24" type="stmt"/>
        <line num="11" count="24" type="stmt"/>
        <line num="12" count="24" type="stmt"/>
        <line num="13" count="24" type="stmt"/>
        <line num="15" count="24" type="stmt"/>
        <line num="16" count="4" type="stmt"/>
        <line num="17" count="4" type="stmt"/>
        <line num="18" count="4" type="stmt"/>
        <line num="21" count="24" type="stmt"/>
        <line num="28" count="24" type="stmt"/>
        <line num="29" count="24" type="cond" truecount="2" falsecount="0"/>
        <line num="30" count="9" type="stmt"/>
        <line num="32" count="15" type="cond" truecount="1" falsecount="1"/>
        <line num="35" count="24" type="stmt"/>
        <line num="37" count="24" type="stmt"/>
        <line num="43" count="24" type="stmt"/>
        <line num="64" count="72" type="stmt"/>
        <line num="86" count="6" type="stmt"/>
        <line num="98" count="72" type="stmt"/>
        <line num="120" count="4" type="stmt"/>
      </file>
      <file name="Modal.jsx" path="/Users/lohanlacroix/dev/tu/durand-lacroix-mybudget-testing/frontend/src/components/Modal.jsx">
        <metrics statements="3" coveredstatements="3" conditionals="2" coveredconditionals="2" methods="2" coveredmethods="2"/>
        <line num="2" count="328" type="cond" truecount="2" falsecount="0"/>
        <line num="4" count="192" type="stmt"/>
        <line num="11" count="48" type="stmt"/>
      </file>
      <file name="PasswordStrength.jsx" path="/Users/lohanlacroix/dev/tu/durand-lacroix-mybudget-testing/frontend/src/components/PasswordStrength.jsx">
        <metrics statements="7" coveredstatements="7" conditionals="2" coveredconditionals="2" methods="1" coveredmethods="1"/>
        <line num="3" count="10" type="stmt"/>
        <line num="4" count="10" type="stmt"/>
        <line num="12" count="10" type="stmt"/>
        <line num="21" count="363" type="cond" truecount="2" falsecount="0"/>
        <line num="23" count="317" type="stmt"/>
        <line num="24" count="317" type="stmt"/>
        <line num="26" count="317" type="stmt"/>
      </file>
      <file name="ProtectedRoute.jsx" path="/Users/lohanlacroix/dev/tu/durand-lacroix-mybudget-testing/frontend/src/components/ProtectedRoute.jsx">
        <metrics statements="6" coveredstatements="6" conditionals="4" coveredconditionals="4" methods="1" coveredmethods="1"/>
        <line num="5" count="60" type="stmt"/>
        <line num="7" count="60" type="cond" truecount="2" falsecount="0"/>
        <line num="8" count="28" type="stmt"/>
        <line num="18" count="32" type="cond" truecount="2" falsecount="0"/>
        <line num="19" count="14" type="stmt"/>
        <line num="22" count="18" type="stmt"/>
      </file>
      <file name="Skeleton.jsx" path="/Users/lohanlacroix/dev/tu/durand-lacroix-mybudget-testing/frontend/src/components/Skeleton.jsx">
        <metrics statements="2" coveredstatements="2" conditionals="1" coveredconditionals="1" methods="2" coveredmethods="2"/>
        <line num="2" count="60" type="stmt"/>
        <line num="5" count="147" type="stmt"/>
      </file>
      <file name="Toast.jsx" path="/Users/lohanlacroix/dev/tu/durand-lacroix-mybudget-testing/frontend/src/components/Toast.jsx">
        <metrics statements="9" coveredstatements="9" conditionals="3" coveredconditionals="3" methods="8" coveredmethods="5"/>
        <line num="3" count="11" type="stmt"/>
        <line num="6" count="1076" type="stmt"/>
        <line num="10" count="114" type="stmt"/>
        <line num="12" count="114" type="cond" truecount="1" falsecount="0"/>
        <line num="13" count="26" type="stmt"/>
        <line num="14" count="26" type="stmt"/>
        <line num="15" count="26" type="stmt"/>
        <line num="18" count="114" type="stmt"/>
        <line num="23" count="22" type="stmt"/>
      </file>
      <file name="TransactionFormModal.jsx" path="/Users/lohanlacroix/dev/tu/durand-lacroix-mybudget-testing/frontend/src/components/TransactionFormModal.jsx">
        <metrics statements="45" coveredstatements="42" conditionals="46" coveredconditionals="33" methods="15" coveredmethods="11"/>
        <line num="12" count="196" type="stmt"/>
        <line num="13" count="196" type="stmt"/>
        <line num="14" count="196" type="stmt"/>
        <line num="15" count="196" type="stmt"/>
        <line num="16" count="196" type="stmt"/>
        <line num="24" count="196" type="stmt"/>
        <line num="25" count="45" type="cond" truecount="2" falsecount="0"/>
        <line num="26" count="13" type="stmt"/>
        <line num="30" count="13" type="cond" truecount="1" falsecount="1"/>
        <line num="31" count="13" type="stmt"/>
        <line num="39" count="13" type="stmt"/>
        <line num="43" count="196" type="stmt"/>
        <line num="44" count="34" type="stmt"/>
        <line num="45" count="34" type="stmt"/>
        <line num="48" count="196" type="stmt"/>
        <line num="49" count="9" type="stmt"/>
        <line num="50" count="9" type="cond" truecount="4" falsecount="0"/>
        <line num="51" count="1" type="stmt"/>
        <line num="52" count="9" type="cond" truecount="1" falsecount="1"/>
        <line num="53" count="9" type="cond" truecount="2" falsecount="0"/>
        <line num="54" count="9" type="cond" truecount="1" falsecount="1"/>
        <line num="55" count="9" type="stmt"/>
        <line num="58" count="196" type="stmt"/>
        <line num="59" count="9" type="stmt"/>
        <line num="61" count="9" type="stmt"/>
        <line num="62" count="9" type="cond" truecount="2" falsecount="0"/>
        <line num="63" count="2" type="stmt"/>
        <line num="64" count="2" type="stmt"/>
        <line num="67" count="7" type="stmt"/>
        <line num="68" count="7" type="stmt"/>
        <line num="69" count="7" type="stmt"/>
        <line num="76" count="3" type="stmt"/>
        <line num="77" count="3" type="stmt"/>
        <line num="78" count="3" type="stmt"/>
        <line num="81" count="4" type="cond" truecount="1" falsecount="1"/>
        <line num="82" count="4" type="stmt"/>
        <line num="84" count="7" type="stmt"/>
        <line num="88" count="196" type="stmt"/>
        <line num="104" count="0" type="stmt"/>
        <line num="115" count="0" type="stmt"/>
        <line num="136" count="9" type="stmt"/>
        <line num="154" count="24" type="stmt"/>
        <line num="172" count="1" type="stmt"/>
        <line num="177" count="186" type="stmt"/>
        <line num="195" count="0" type="stmt"/>
      </file>
    </package>
    <package name="src.contexts">
      <metrics statements="31" coveredstatements="30" conditionals="13" coveredconditionals="11" methods="5" coveredmethods="5"/>
      <file name="AuthContext.jsx" path="/Users/lohanlacroix/dev/tu/durand-lacroix-mybudget-testing/frontend/src/contexts/AuthContext.jsx">
        <metrics statements="31" coveredstatements="30" conditionals="13" coveredconditionals="11" methods="5" coveredmethods="5"/>
        <line num="3" count="11" type="stmt"/>
        <line num="5" count="11" type="stmt"/>
        <line num="6" count="230" type="stmt"/>
        <line num="7" count="230" type="cond" truecount="1" falsecount="1"/>
        <line num="8" count="0" type="stmt"/>
        <line num="10" count="230" type="stmt"/>
        <line num="14" count="85" type="stmt"/>
        <line num="15" count="85" type="stmt"/>
        <line num="16" count="85" type="stmt"/>
        <line num="18" count="85" type="stmt"/>
        <line num="20" count="39" type="cond" truecount="2" falsecount="0"/>
        <line num="23" count="39" type="cond" truecount="2" falsecount="0"/>
        <line num="25" count="39" type="cond" truecount="4" falsecount="0"/>
        <line num="26" count="18" type="stmt"/>
        <line num="27" count="18" type="stmt"/>
        <line num="29" count="39" type="stmt"/>
        <line num="32" count="85" type="cond" truecount="1" falsecount="0"/>
        <line num="33" count="4" type="cond" truecount="1" falsecount="1"/>
        <line num="34" count="4" type="stmt"/>
        <line num="35" count="4" type="stmt"/>
        <line num="36" count="4" type="stmt"/>
        <line num="37" count="4" type="stmt"/>
        <line num="40" count="85" type="stmt"/>
        <line num="41" count="4" type="stmt"/>
        <line num="42" count="4" type="stmt"/>
        <line num="43" count="4" type="stmt"/>
        <line num="44" count="4" type="stmt"/>
        <line num="45" count="4" type="stmt"/>
        <line num="46" count="4" type="stmt"/>
        <line num="49" count="85" type="stmt"/>
        <line num="58" count="85" type="stmt"/>
      </file>
    </package>
    <package name="src.pages">
      <metrics statements="386" coveredstatements="336" conditionals="274" coveredconditionals="217" methods="124" coveredmethods="98"/>
      <file name="AddTransaction.jsx" path="/Users/lohanlacroix/dev/tu/durand-lacroix-mybudget-testing/frontend/src/pages/AddTransaction.jsx">
        <metrics statements="49" coveredstatements="47" conditionals="50" coveredconditionals="42" methods="16" coveredmethods="13"/>
        <line num="8" count="63" type="stmt"/>
        <line num="9" count="63" type="stmt"/>
        <line num="10" count="63" type="stmt"/>
        <line num="11" count="63" type="stmt"/>
        <line num="12" count="63" type="stmt"/>
        <line num="13" count="63" type="stmt"/>
        <line num="15" count="63" type="stmt"/>
        <line num="22" count="63" type="stmt"/>
        <line num="23" count="148" type="stmt"/>
        <line num="25" count="63" type="stmt"/>
        <line num="26" count="7" type="stmt"/>
        <line num="31" count="63" type="stmt"/>
        <line num="32" count="41" type="stmt"/>
        <line num="33" count="41" type="stmt"/>
        <line num="36" count="63" type="stmt"/>
        <line num="37" count="5" type="stmt"/>
        <line num="38" count="5" type="cond" truecount="4" falsecount="0"/>
        <line num="39" count="1" type="stmt"/>
        <line num="40" count="5" type="cond" truecount="2" falsecount="0"/>
        <line num="41" count="5" type="cond" truecount="2" falsecount="0"/>
        <line num="42" count="5" type="cond" truecount="1" falsecount="1"/>
        <line num="43" count="5" type="stmt"/>
        <line num="46" count="63" type="stmt"/>
        <line num="47" count="5" type="stmt"/>
        <line num="48" count="5" type="stmt"/>
        <line num="49" count="5" type="cond" truecount="2" falsecount="0"/>
        <line num="50" count="1" type="stmt"/>
        <line num="51" count="1" type="stmt"/>
        <line num="53" count="4" type="stmt"/>
        <line num="54" count="4" type="stmt"/>
        <line num="55" count="4" type="stmt"/>
        <line num="56" count="4" type="stmt"/>
        <line num="63" count="2" type="stmt"/>
        <line num="64" count="2" type="stmt"/>
        <line num="65" count="2" type="stmt"/>
        <line num="67" count="2" type="stmt"/>
        <line num="68" count="2" type="stmt"/>
        <line num="76" count="4" type="stmt"/>
        <line num="80" count="63" type="stmt"/>
        <line num="81" count="63" type="cond" truecount="1" falsecount="1"/>
        <line num="111" count="63" type="stmt"/>
        <line num="125" count="126" type="stmt"/>
        <line num="126" count="126" type="stmt"/>
        <line num="130" count="0" type="stmt"/>
        <line num="156" count="9" type="stmt"/>
        <line num="179" count="28" type="stmt"/>
        <line num="197" count="4" type="stmt"/>
        <line num="202" count="168" type="stmt"/>
        <line num="225" count="0" type="stmt"/>
      </file>
      <file name="BudgetDetail.jsx" path="/Users/lohanlacroix/dev/tu/durand-lacroix-mybudget-testing/frontend/src/pages/BudgetDetail.jsx">
        <metrics statements="35" coveredstatements="31" conditionals="32" coveredconditionals="22" methods="12" coveredmethods="11"/>
        <line num="11" count="29" type="stmt"/>
        <line num="12" count="29" type="stmt"/>
        <line num="13" count="29" type="stmt"/>
        <line num="15" count="29" type="stmt"/>
        <line num="16" count="29" type="stmt"/>
        <line num="17" count="29" type="stmt"/>
        <line num="18" count="29" type="stmt"/>
        <line num="19" count="29" type="stmt"/>
        <line num="21" count="29" type="stmt"/>
        <line num="22" count="10" type="stmt"/>
        <line num="23" count="10" type="stmt"/>
        <line num="25" count="10" type="stmt"/>
        <line num="26" count="10" type="stmt"/>
        <line num="27" count="10" type="stmt"/>
        <line num="29" count="10" type="cond" truecount="1" falsecount="1"/>
        <line num="30" count="10" type="stmt"/>
        <line num="36" count="0" type="stmt"/>
        <line num="39" count="10" type="cond" truecount="1" falsecount="1"/>
        <line num="42" count="0" type="cond" truecount="0" falsecount="2"/>
        <line num="43" count="0" type="stmt"/>
        <line num="44" count="0" type="stmt"/>
        <line num="47" count="10" type="stmt"/>
        <line num="50" count="29" type="stmt"/>
        <line num="51" count="9" type="stmt"/>
        <line num="54" count="29" type="cond" truecount="2" falsecount="0"/>
        <line num="55" count="9" type="stmt"/>
        <line num="62" count="20" type="cond" truecount="1" falsecount="1"/>
        <line num="64" count="20" type="stmt"/>
        <line num="65" count="20" type="stmt"/>
        <line num="67" count="20" type="stmt"/>
        <line num="75" count="9" type="stmt"/>
        <line num="179" count="20" type="stmt"/>
        <line num="181" count="40" type="stmt"/>
        <line num="182" count="40" type="stmt"/>
        <line num="242" count="2" type="stmt"/>
      </file>
      <file name="BudgetList.jsx" path="/Users/lohanlacroix/dev/tu/durand-lacroix-mybudget-testing/frontend/src/pages/BudgetList.jsx">
        <metrics statements="86" coveredstatements="62" conditionals="53" coveredconditionals="34" methods="26" coveredmethods="15"/>
        <line num="10" count="22" type="stmt"/>
        <line num="11" count="22" type="stmt"/>
        <line num="12" count="22" type="stmt"/>
        <line num="13" count="22" type="stmt"/>
        <line num="14" count="22" type="stmt"/>
        <line num="15" count="22" type="stmt"/>
        <line num="17" count="22" type="stmt"/>
        <line num="18" count="22" type="stmt"/>
        <line num="19" count="22" type="stmt"/>
        <line num="20" count="22" type="stmt"/>
        <line num="22" count="22" type="stmt"/>
        <line num="23" count="8" type="stmt"/>
        <line num="24" count="8" type="stmt"/>
        <line num="26" count="8" type="stmt"/>
        <line num="27" count="24" type="stmt"/>
        <line num="28" count="8" type="stmt"/>
        <line num="29" count="8" type="stmt"/>
        <line num="30" count="8" type="cond" truecount="2" falsecount="2"/>
        <line num="31" count="0" type="stmt"/>
        <line num="33" count="8" type="stmt"/>
        <line num="35" count="0" type="stmt"/>
        <line num="36" count="8" type="stmt"/>
        <line num="39" count="22" type="stmt"/>
        <line num="40" count="7" type="stmt"/>
        <line num="43" count="22" type="stmt"/>
        <line num="44" count="15" type="stmt"/>
        <line num="45" count="16" type="stmt"/>
        <line num="46" count="16" type="cond" truecount="2" falsecount="0"/>
        <line num="47" count="16" type="cond" truecount="4" falsecount="0"/>
        <line num="48" count="8" type="stmt"/>
        <line num="52" count="22" type="stmt"/>
        <line num="53" count="15" type="stmt"/>
        <line num="54" count="15" type="stmt"/>
        <line num="55" count="16" type="cond" truecount="1" falsecount="1"/>
        <line num="56" count="16" type="stmt"/>
        <line num="58" count="16" type="stmt"/>
        <line num="59" count="16" type="cond" truecount="1" falsecount="1"/>
        <line num="60" count="16" type="cond" truecount="2" falsecount="0"/>
        <line num="61" count="0" type="cond" truecount="0" falsecount="2"/>
        <line num="62" count="0" type="stmt"/>
        <line num="64" count="16" type="stmt"/>
        <line num="65" count="16" type="cond" truecount="2" falsecount="2"/>
        <line num="66" count="0" type="cond" truecount="0" falsecount="2"/>
        <line num="67" count="16" type="cond" truecount="1" falsecount="1"/>
        <line num="68" count="0" type="stmt"/>
        <line num="69" count="16" type="cond" truecount="1" falsecount="1"/>
        <line num="70" count="0" type="stmt"/>
        <line num="73" count="16" type="cond" truecount="3" falsecount="0"/>
        <line num="77" count="22" type="stmt"/>
        <line num="78" count="7" type="stmt"/>
        <line num="79" count="7" type="stmt"/>
        <line num="82" count="22" type="stmt"/>
        <line num="83" count="0" type="stmt"/>
        <line num="86" count="22" type="stmt"/>
        <line num="87" count="0" type="stmt"/>
        <line num="88" count="0" type="stmt"/>
        <line num="89" count="0" type="stmt"/>
        <line num="92" count="22" type="stmt"/>
        <line num="131" count="0" type="stmt"/>
        <line num="143" count="0" type="stmt"/>
        <line num="155" count="0" type="stmt"/>
        <line num="172" count="66" type="stmt"/>
        <line num="174" count="0" type="stmt"/>
        <line num="192" count="0" type="stmt"/>
        <line num="193" count="0" type="stmt"/>
        <line num="194" count="0" type="stmt"/>
        <line num="216" count="0" type="stmt"/>
        <line num="226" count="30" type="stmt"/>
        <line num="227" count="30" type="stmt"/>
        <line num="228" count="30" type="stmt"/>
        <line num="230" count="30" type="stmt"/>
        <line num="241" count="30" type="cond" truecount="2" falsecount="0"/>
        <line num="242" count="15" type="stmt"/>
        <line num="243" count="15" type="stmt"/>
        <line num="244" count="15" type="stmt"/>
        <line num="245" count="15" type="stmt"/>
        <line num="246" count="15" type="stmt"/>
        <line num="248" count="15" type="stmt"/>
        <line num="249" count="15" type="cond" truecount="1" falsecount="1"/>
        <line num="250" count="0" type="stmt"/>
        <line num="251" count="0" type="stmt"/>
        <line num="252" count="0" type="stmt"/>
        <line num="256" count="30" type="stmt"/>
        <line num="259" count="0" type="stmt"/>
        <line num="288" count="0" type="stmt"/>
        <line num="367" count="1" type="stmt"/>
      </file>
      <file name="Home.jsx" path="/Users/lohanlacroix/dev/tu/durand-lacroix-mybudget-testing/frontend/src/pages/Home.jsx">
        <metrics statements="40" coveredstatements="38" conditionals="38" coveredconditionals="31" methods="12" coveredmethods="11"/>
        <line num="8" count="15" type="stmt"/>
        <line num="9" count="15" type="stmt"/>
        <line num="13" count="30" type="stmt"/>
        <line num="14" count="30" type="stmt"/>
        <line num="15" count="30" type="stmt"/>
        <line num="16" count="30" type="stmt"/>
        <line num="17" count="30" type="stmt"/>
        <line num="19" count="30" type="stmt"/>
        <line num="20" count="15" type="stmt"/>
        <line num="21" count="15" type="stmt"/>
        <line num="23" count="14" type="stmt"/>
        <line num="24" count="42" type="stmt"/>
        <line num="25" count="14" type="stmt"/>
        <line num="27" count="14" type="stmt"/>
        <line num="29" count="28" type="cond" truecount="2" falsecount="0"/>
        <line num="33" count="14" type="stmt"/>
        <line num="34" count="14" type="stmt"/>
        <line num="35" count="14" type="stmt"/>
        <line num="36" count="28" type="stmt"/>
        <line num="37" count="28" type="cond" truecount="1" falsecount="1"/>
        <line num="38" count="0" type="stmt"/>
        <line num="40" count="28" type="stmt"/>
        <line num="43" count="14" type="stmt"/>
        <line num="44" count="14" type="stmt"/>
        <line num="46" count="1" type="stmt"/>
        <line num="47" count="15" type="stmt"/>
        <line num="50" count="30" type="stmt"/>
        <line num="51" count="28" type="cond" truecount="2" falsecount="0"/>
        <line num="55" count="30" type="cond" truecount="2" falsecount="0"/>
        <line num="58" count="28" type="stmt"/>
        <line num="64" count="30" type="cond" truecount="2" falsecount="0"/>
        <line num="65" count="15" type="stmt"/>
        <line num="75" count="15" type="stmt"/>
        <line num="140" count="28" type="stmt"/>
        <line num="141" count="28" type="stmt"/>
        <line num="142" count="28" type="stmt"/>
        <line num="144" count="28" type="stmt"/>
        <line num="226" count="28" type="stmt"/>
        <line num="228" count="28" type="stmt"/>
        <line num="272" count="0" type="stmt"/>
      </file>
      <file name="Login.jsx" path="/Users/lohanlacroix/dev/tu/durand-lacroix-mybudget-testing/frontend/src/pages/Login.jsx">
        <metrics statements="36" coveredstatements="34" conditionals="20" coveredconditionals="18" methods="10" coveredmethods="8"/>
        <line num="8" count="146" type="stmt"/>
        <line num="9" count="146" type="stmt"/>
        <line num="10" count="146" type="stmt"/>
        <line num="11" count="146" type="stmt"/>
        <line num="16" count="146" type="stmt"/>
        <line num="17" count="146" type="stmt"/>
        <line num="18" count="146" type="stmt"/>
        <line num="20" count="146" type="stmt"/>
        <line num="21" count="95" type="stmt"/>
        <line num="22" count="95" type="stmt"/>
        <line num="25" count="146" type="stmt"/>
        <line num="26" count="8" type="stmt"/>
        <line num="27" count="8" type="cond" truecount="2" falsecount="0"/>
        <line num="28" count="8" type="cond" truecount="2" falsecount="0"/>
        <line num="29" count="8" type="stmt"/>
        <line num="32" count="146" type="stmt"/>
        <line num="33" count="8" type="stmt"/>
        <line num="35" count="8" type="stmt"/>
        <line num="36" count="8" type="cond" truecount="2" falsecount="0"/>
        <line num="37" count="2" type="stmt"/>
        <line num="38" count="2" type="stmt"/>
        <line num="41" count="6" type="stmt"/>
        <line num="42" count="6" type="stmt"/>
        <line num="43" count="6" type="stmt"/>
        <line num="48" count="4" type="stmt"/>
        <line num="54" count="4" type="stmt"/>
        <line num="55" count="4" type="stmt"/>
        <line num="57" count="2" type="cond" truecount="2" falsecount="0"/>
        <line num="58" count="1" type="stmt"/>
        <line num="60" count="1" type="stmt"/>
        <line num="65" count="6" type="stmt"/>
        <line num="69" count="146" type="stmt"/>
        <line num="98" count="30" type="stmt"/>
        <line num="117" count="65" type="stmt"/>
        <line num="123" count="0" type="stmt"/>
        <line num="141" count="0" type="stmt"/>
      </file>
      <file name="Register.jsx" path="/Users/lohanlacroix/dev/tu/durand-lacroix-mybudget-testing/frontend/src/pages/Register.jsx">
        <metrics statements="41" coveredstatements="40" conditionals="30" coveredconditionals="27" methods="11" coveredmethods="10"/>
        <line num="9" count="363" type="stmt"/>
        <line num="10" count="363" type="stmt"/>
        <line num="11" count="363" type="stmt"/>
        <line num="16" count="363" type="stmt"/>
        <line num="17" count="363" type="stmt"/>
        <line num="18" count="363" type="stmt"/>
        <line num="19" count="363" type="stmt"/>
        <line num="21" count="363" type="stmt"/>
        <line num="22" count="341" type="stmt"/>
        <line num="23" count="341" type="stmt"/>
        <line num="26" count="363" type="stmt"/>
        <line num="27" count="8" type="stmt"/>
        <line num="29" count="8" type="stmt"/>
        <line num="30" count="8" type="cond" truecount="2" falsecount="0"/>
        <line num="32" count="8" type="stmt"/>
        <line num="33" count="8" type="cond" truecount="2" falsecount="0"/>
        <line num="35" count="8" type="cond" truecount="2" falsecount="0"/>
        <line num="36" count="1" type="stmt"/>
        <line num="39" count="8" type="stmt"/>
        <line num="42" count="363" type="stmt"/>
        <line num="43" count="8" type="stmt"/>
        <line num="45" count="8" type="stmt"/>
        <line num="46" count="8" type="cond" truecount="2" falsecount="0"/>
        <line num="47" count="4" type="stmt"/>
        <line num="48" count="4" type="stmt"/>
        <line num="51" count="4" type="stmt"/>
        <line num="52" count="4" type="stmt"/>
        <line num="53" count="4" type="stmt"/>
        <line num="54" count="2" type="stmt"/>
        <line num="55" count="2" type="stmt"/>
        <line num="58" count="2" type="cond" truecount="1" falsecount="1"/>
        <line num="59" count="2" type="cond" truecount="2" falsecount="0"/>
        <line num="60" count="1" type="stmt"/>
        <line num="62" count="1" type="stmt"/>
        <line num="65" count="4" type="stmt"/>
        <line num="69" count="363" type="stmt"/>
        <line num="96" count="35" type="stmt"/>
        <line num="115" count="157" type="stmt"/>
        <line num="121" count="1" type="stmt"/>
        <line num="144" count="149" type="stmt"/>
        <line num="151" count="0" type="stmt"/>
      </file>
      <file name="TransactionList.jsx" path="/Users/lohanlacroix/dev/tu/durand-lacroix-mybudget-testing/frontend/src/pages/TransactionList.jsx">
        <metrics statements="99" coveredstatements="84" conditionals="51" coveredconditionals="43" methods="37" coveredmethods="30"/>
        <line num="16" count="123" type="stmt"/>
        <line num="17" count="123" type="stmt"/>
        <line num="18" count="123" type="stmt"/>
        <line num="19" count="123" type="stmt"/>
        <line num="21" count="123" type="stmt"/>
        <line num="22" count="30" type="stmt"/>
        <line num="23" count="30" type="stmt"/>
        <line num="24" count="30" type="stmt"/>
        <line num="25" count="30" type="stmt"/>
        <line num="26" count="30" type="stmt"/>
        <line num="27" count="30" type="stmt"/>
        <line num="30" count="123" type="stmt"/>
        <line num="31" count="30" type="stmt"/>
        <line num="32" count="30" type="stmt"/>
        <line num="40" count="123" type="stmt"/>
        <line num="42" count="123" type="stmt"/>
        <line num="43" count="123" type="stmt"/>
        <line num="44" count="123" type="stmt"/>
        <line num="45" count="123" type="stmt"/>
        <line num="46" count="123" type="stmt"/>
        <line num="47" count="123" type="stmt"/>
        <line num="49" count="123" type="stmt"/>
        <line num="51" count="123" type="stmt"/>
        <line num="52" count="30" type="stmt"/>
        <line num="54" count="30" type="stmt"/>
        <line num="59" count="123" type="stmt"/>
        <line num="60" count="76" type="stmt"/>
        <line num="61" count="22" type="cond" truecount="1" falsecount="1"/>
        <line num="62" count="0" type="stmt"/>
        <line num="66" count="76" type="cond" truecount="2" falsecount="0"/>
        <line num="67" count="22" type="stmt"/>
        <line num="70" count="76" type="stmt"/>
        <line num="71" count="76" type="stmt"/>
        <line num="75" count="123" type="stmt"/>
        <line num="76" count="38" type="stmt"/>
        <line num="77" count="38" type="stmt"/>
        <line num="81" count="38" type="stmt"/>
        <line num="83" count="1" type="stmt"/>
        <line num="84" count="37" type="stmt"/>
        <line num="87" count="123" type="stmt"/>
        <line num="88" count="30" type="stmt"/>
        <line num="91" count="123" type="stmt"/>
        <line num="92" count="2" type="stmt"/>
        <line num="93" count="2" type="stmt"/>
        <line num="94" count="2" type="stmt"/>
        <line num="95" count="2" type="cond" truecount="1" falsecount="1"/>
        <line num="96" count="2" type="stmt"/>
        <line num="99" count="123" type="stmt"/>
        <line num="100" count="13" type="stmt"/>
        <line num="101" count="13" type="stmt"/>
        <line num="104" count="123" type="stmt"/>
        <line num="105" count="9" type="stmt"/>
        <line num="106" count="9" type="stmt"/>
        <line num="109" count="123" type="stmt"/>
        <line num="110" count="8" type="stmt"/>
        <line num="111" count="8" type="stmt"/>
        <line num="112" count="8" type="stmt"/>
        <line num="113" count="4" type="stmt"/>
        <line num="114" count="4" type="stmt"/>
        <line num="116" count="4" type="stmt"/>
        <line num="118" count="8" type="stmt"/>
        <line num="119" count="8" type="stmt"/>
        <line num="120" count="8" type="stmt"/>
        <line num="124" count="123" type="stmt"/>
        <line num="125" count="3" type="stmt"/>
        <line num="128" count="123" type="stmt"/>
        <line num="129" count="65" type="cond" truecount="1" falsecount="1"/>
        <line num="130" count="0" type="stmt"/>
        <line num="131" count="0" type="stmt"/>
        <line num="132" count="0" type="stmt"/>
        <line num="136" count="123" type="stmt"/>
        <line num="137" count="65" type="stmt"/>
        <line num="138" count="60" type="cond" truecount="2" falsecount="0"/>
        <line num="143" count="123" type="stmt"/>
        <line num="190" count="0" type="stmt"/>
        <line num="203" count="0" type="stmt"/>
        <line num="219" count="0" type="stmt"/>
        <line num="220" count="0" type="stmt"/>
        <line num="232" count="1" type="stmt"/>
        <line num="237" count="279" type="stmt"/>
        <line num="251" count="1" type="stmt"/>
        <line num="252" count="1" type="stmt"/>
        <line num="275" count="0" type="stmt"/>
        <line num="276" count="0" type="stmt"/>
        <line num="277" count="0" type="stmt"/>
        <line num="283" count="0" type="stmt"/>
        <line num="284" count="0" type="stmt"/>
        <line num="285" count="0" type="stmt"/>
        <line num="315" count="171" type="stmt"/>
        <line num="316" count="171" type="stmt"/>
        <line num="318" count="171" type="cond" truecount="2" falsecount="0"/>
        <line num="333" count="171" type="stmt"/>
        <line num="435" count="22" type="stmt"/>
        <line num="457" count="13" type="stmt"/>
        <line num="458" count="13" type="stmt"/>
        <line num="486" count="9" type="stmt"/>
        <line num="487" count="9" type="stmt"/>
        <line num="522" count="3" type="stmt"/>
        <line num="530" count="0" type="stmt"/>
      </file>
    </package>
    <package name="src.utils">
      <metrics statements="16" coveredstatements="16" conditionals="20" coveredconditionals="20" methods="3" coveredmethods="3"/>
      <file name="validation.js" path="/Users/lohanlacroix/dev/tu/durand-lacroix-mybudget-testing/frontend/src/utils/validation.js">
        <metrics statements="16" coveredstatements="16" conditionals="20" coveredconditionals="20" methods="3" coveredmethods="3"/>
        <line num="1" count="11" type="stmt"/>
        <line num="2" count="10" type="stmt"/>
        <line num="3" count="10" type="cond" truecount="2" falsecount="0"/>
        <line num="4" count="10" type="cond" truecount="2" falsecount="0"/>
        <line num="5" count="10" type="stmt"/>
        <line num="8" count="11" type="stmt"/>
        <line num="9" count="319" type="stmt"/>
        <line num="10" count="319" type="cond" truecount="2" falsecount="0"/>
        <line num="11" count="319" type="cond" truecount="2" falsecount="0"/>
        <line num="12" count="319" type="cond" truecount="4" falsecount="0"/>
        <line num="13" count="319" type="cond" truecount="2" falsecount="0"/>
        <line num="14" count="319" type="cond" truecount="2" falsecount="0"/>
        <line num="15" count="319" type="stmt"/>
        <line num="18" count="11" type="stmt"/>
        <line num="19" count="9" type="cond" truecount="4" falsecount="0"/>
        <line num="20" count="7" type="stmt"/>
      </file>
    </package>
  </project>
</coverage>
