{"/Users/lohanlacroix/dev/tu/durand-lacroix-mybudget-testing/frontend/src/App.jsx": {"path":"/Users/lohanlacroix/dev/tu/durand-lacroix-mybudget-testing/frontend/src/App.jsx","statementMap":{"0":{"start":{"line":15,"column":2},"end":{"line":78,"column":null}}},"fnMap":{"0":{"name":"App","decl":{"start":{"line":14,"column":24},"end":{"line":14,"column":30}},"loc":{"start":{"line":14,"column":30},"end":{"line":80,"column":null}},"line":14}},"branchMap":{},"s":{"0":29},"f":{"0":29},"b":{},"meta":{"lastBranch":0,"lastFunction":1,"lastStatement":1,"seen":{"f:14:24:14:30":0,"s:15:2:78:Infinity":0}}}
,"/Users/lohanlacroix/dev/tu/durand-lacroix-mybudget-testing/frontend/src/__tests__/__mocks__/handlers.ts": {"path":"/Users/lohanlacroix/dev/tu/durand-lacroix-mybudget-testing/frontend/src/__tests__/__mocks__/handlers.ts","statementMap":{"0":{"start":{"line":3,"column":12},"end":{"line":3,"column":null}},"1":{"start":{"line":5,"column":32},"end":{"line":10,"column":null}},"2":{"start":{"line":12,"column":30},"end":{"line":14,"column":null}},"3":{"start":{"line":16,"column":36},"end":{"line":18,"column":null}},"4":{"start":{"line":20,"column":30},"end":{"line":24,"column":null}},"5":{"start":{"line":26,"column":32},"end":{"line":43,"column":null}},"6":{"start":{"line":45,"column":27},"end":{"line":68,"column":null}},"7":{"start":{"line":70,"column":32},"end":{"line":80,"column":null}},"8":{"start":{"line":82,"column":31},"end":{"line":116,"column":null}},"9":{"start":{"line":84,"column":4},"end":{"line":84,"column":null}},"10":{"start":{"line":87,"column":4},"end":{"line":87,"column":null}},"11":{"start":{"line":90,"column":45},"end":{"line":90,"column":78}},"12":{"start":{"line":93,"column":4},"end":{"line":93,"column":null}},"13":{"start":{"line":96,"column":4},"end":{"line":96,"column":null}},"14":{"start":{"line":99,"column":4},"end":{"line":99,"column":null}},"15":{"start":{"line":102,"column":4},"end":{"line":102,"column":null}},"16":{"start":{"line":105,"column":4},"end":{"line":105,"column":null}},"17":{"start":{"line":108,"column":42},"end":{"line":108,"column":72}},"18":{"start":{"line":110,"column":4},"end":{"line":110,"column":null}},"19":{"start":{"line":113,"column":4},"end":{"line":113,"column":null}},"20":{"start":{"line":115,"column":45},"end":{"line":115,"column":76}}},"fnMap":{"0":{"name":"(anonymous_0)","decl":{"start":{"line":83,"column":33},"end":{"line":83,"column":null}},"loc":{"start":{"line":84,"column":4},"end":{"line":84,"column":null}},"line":84},"1":{"name":"(anonymous_1)","decl":{"start":{"line":86,"column":36},"end":{"line":86,"column":null}},"loc":{"start":{"line":87,"column":4},"end":{"line":87,"column":null}},"line":87},"2":{"name":"(anonymous_2)","decl":{"start":{"line":90,"column":33},"end":{"line":90,"column":45}},"loc":{"start":{"line":90,"column":45},"end":{"line":90,"column":78}},"line":90},"3":{"name":"(anonymous_3)","decl":{"start":{"line":92,"column":35},"end":{"line":92,"column":null}},"loc":{"start":{"line":93,"column":4},"end":{"line":93,"column":null}},"line":93},"4":{"name":"(anonymous_4)","decl":{"start":{"line":95,"column":40},"end":{"line":95,"column":null}},"loc":{"start":{"line":96,"column":4},"end":{"line":96,"column":null}},"line":96},"5":{"name":"(anonymous_5)","decl":{"start":{"line":98,"column":36},"end":{"line":98,"column":null}},"loc":{"start":{"line":99,"column":4},"end":{"line":99,"column":null}},"line":99},"6":{"name":"(anonymous_6)","decl":{"start":{"line":101,"column":38},"end":{"line":101,"column":null}},"loc":{"start":{"line":102,"column":4},"end":{"line":102,"column":null}},"line":102},"7":{"name":"(anonymous_7)","decl":{"start":{"line":104,"column":41},"end":{"line":104,"column":null}},"loc":{"start":{"line":105,"column":4},"end":{"line":105,"column":null}},"line":105},"8":{"name":"(anonymous_8)","decl":{"start":{"line":108,"column":30},"end":{"line":108,"column":42}},"loc":{"start":{"line":108,"column":42},"end":{"line":108,"column":72}},"line":108},"9":{"name":"(anonymous_9)","decl":{"start":{"line":109,"column":33},"end":{"line":109,"column":null}},"loc":{"start":{"line":110,"column":4},"end":{"line":110,"column":null}},"line":110},"10":{"name":"(anonymous_10)","decl":{"start":{"line":112,"column":31},"end":{"line":112,"column":null}},"loc":{"start":{"line":113,"column":4},"end":{"line":113,"column":null}},"line":113},"11":{"name":"(anonymous_11)","decl":{"start":{"line":115,"column":33},"end":{"line":115,"column":45}},"loc":{"start":{"line":115,"column":45},"end":{"line":115,"column":76}},"line":115}},"branchMap":{},"s":{"0":15,"1":15,"2":15,"3":15,"4":15,"5":15,"6":15,"7":15,"8":15,"9":4,"10":1,"11":100,"12":52,"13":0,"14":0,"15":2,"16":1,"17":22,"18":10,"19":1,"20":1},"f":{"0":4,"1":1,"2":100,"3":52,"4":0,"5":0,"6":2,"7":1,"8":22,"9":10,"10":1,"11":1},"b":{},"meta":{"lastBranch":0,"lastFunction":12,"lastStatement":21,"seen":{"s:3:12:3:Infinity":0,"s:5:32:10:Infinity":1,"s:12:30:14:Infinity":2,"s:16:36:18:Infinity":3,"s:20:30:24:Infinity":4,"s:26:32:43:Infinity":5,"s:45:27:68:Infinity":6,"s:70:32:80:Infinity":7,"s:82:31:116:Infinity":8,"f:83:33:83:Infinity":0,"s:84:4:84:Infinity":9,"f:86:36:86:Infinity":1,"s:87:4:87:Infinity":10,"f:90:33:90:45":2,"s:90:45:90:78":11,"f:92:35:92:Infinity":3,"s:93:4:93:Infinity":12,"f:95:40:95:Infinity":4,"s:96:4:96:Infinity":13,"f:98:36:98:Infinity":5,"s:99:4:99:Infinity":14,"f:101:38:101:Infinity":6,"s:102:4:102:Infinity":15,"f:104:41:104:Infinity":7,"s:105:4:105:Infinity":16,"f:108:30:108:42":8,"s:108:42:108:72":17,"f:109:33:109:Infinity":9,"s:110:4:110:Infinity":18,"f:112:31:112:Infinity":10,"s:113:4:113:Infinity":19,"f:115:33:115:45":11,"s:115:45:115:76":20}}}
,"/Users/lohanlacroix/dev/tu/durand-lacroix-mybudget-testing/frontend/src/api/client.js": {"path":"/Users/lohanlacroix/dev/tu/durand-lacroix-mybudget-testing/frontend/src/api/client.js","statementMap":{"0":{"start":{"line":3,"column":12},"end":{"line":3,"column":45}},"1":{"start":{"line":5,"column":17},"end":{"line":6,"column":76}},"2":{"start":{"line":6,"column":2},"end":{"line":6,"column":76}},"3":{"start":{"line":8,"column":0},"end":{"line":17,"column":null}},"4":{"start":{"line":10,"column":18},"end":{"line":10,"column":28}},"5":{"start":{"line":11,"column":4},"end":{"line":13,"column":null}},"6":{"start":{"line":12,"column":6},"end":{"line":12,"column":null}},"7":{"start":{"line":14,"column":4},"end":{"line":14,"column":null}},"8":{"start":{"line":16,"column":13},"end":{"line":16,"column":34}},"9":{"start":{"line":19,"column":0},"end":{"line":34,"column":null}},"10":{"start":{"line":20,"column":16},"end":{"line":20,"column":24}},"11":{"start":{"line":22,"column":4},"end":{"line":31,"column":null}},"12":{"start":{"line":26,"column":6},"end":{"line":26,"column":null}},"13":{"start":{"line":27,"column":6},"end":{"line":27,"column":null}},"14":{"start":{"line":28,"column":6},"end":{"line":28,"column":null}},"15":{"start":{"line":29,"column":6},"end":{"line":29,"column":null}},"16":{"start":{"line":30,"column":6},"end":{"line":30,"column":null}},"17":{"start":{"line":32,"column":4},"end":{"line":32,"column":null}},"18":{"start":{"line":36,"column":29},"end":{"line":36,"column":78}},"19":{"start":{"line":36,"column":35},"end":{"line":36,"column":78}},"20":{"start":{"line":36,"column":71},"end":{"line":36,"column":77}},"21":{"start":{"line":38,"column":31},"end":{"line":45,"column":1}},"22":{"start":{"line":39,"column":17},"end":{"line":39,"column":19}},"23":{"start":{"line":40,"column":2},"end":{"line":40,"column":null}},"24":{"start":{"line":40,"column":26},"end":{"line":40,"column":null}},"25":{"start":{"line":41,"column":2},"end":{"line":41,"column":null}},"26":{"start":{"line":41,"column":24},"end":{"line":41,"column":null}},"27":{"start":{"line":42,"column":2},"end":{"line":42,"column":null}},"28":{"start":{"line":42,"column":25},"end":{"line":42,"column":null}},"29":{"start":{"line":43,"column":2},"end":{"line":43,"column":null}},"30":{"start":{"line":43,"column":20},"end":{"line":43,"column":null}},"31":{"start":{"line":44,"column":2},"end":{"line":44,"column":null}},"32":{"start":{"line":44,"column":59},"end":{"line":44,"column":65}},"33":{"start":{"line":47,"column":33},"end":{"line":48,"column":54}},"34":{"start":{"line":48,"column":2},"end":{"line":48,"column":54}},"35":{"start":{"line":48,"column":47},"end":{"line":48,"column":53}},"36":{"start":{"line":50,"column":26},"end":{"line":50,"column":72}},"37":{"start":{"line":50,"column":32},"end":{"line":50,"column":72}},"38":{"start":{"line":50,"column":65},"end":{"line":50,"column":71}},"39":{"start":{"line":52,"column":25},"end":{"line":52,"column":78}},"40":{"start":{"line":52,"column":33},"end":{"line":52,"column":78}},"41":{"start":{"line":52,"column":71},"end":{"line":52,"column":77}},"42":{"start":{"line":54,"column":28},"end":{"line":55,"column":49}},"43":{"start":{"line":55,"column":2},"end":{"line":55,"column":49}},"44":{"start":{"line":55,"column":42},"end":{"line":55,"column":48}},"45":{"start":{"line":57,"column":28},"end":{"line":58,"column":53}},"46":{"start":{"line":58,"column":2},"end":{"line":58,"column":53}},"47":{"start":{"line":58,"column":46},"end":{"line":58,"column":52}},"48":{"start":{"line":60,"column":24},"end":{"line":61,"column":54}},"49":{"start":{"line":61,"column":2},"end":{"line":61,"column":54}},"50":{"start":{"line":61,"column":47},"end":{"line":61,"column":53}},"51":{"start":{"line":62,"column":21},"end":{"line":63,"column":51}},"52":{"start":{"line":63,"column":2},"end":{"line":63,"column":51}},"53":{"start":{"line":63,"column":44},"end":{"line":63,"column":50}},"54":{"start":{"line":65,"column":33},"end":{"line":66,"column":58}},"55":{"start":{"line":66,"column":2},"end":{"line":66,"column":58}},"56":{"start":{"line":66,"column":51},"end":{"line":66,"column":57}},"57":{"start":{"line":67,"column":33},"end":{"line":68,"column":55}},"58":{"start":{"line":68,"column":2},"end":{"line":68,"column":55}},"59":{"start":{"line":68,"column":48},"end":{"line":68,"column":54}},"60":{"start":{"line":69,"column":36},"end":{"line":76,"column":1}},"61":{"start":{"line":70,"column":17},"end":{"line":70,"column":19}},"62":{"start":{"line":71,"column":2},"end":{"line":71,"column":null}},"63":{"start":{"line":71,"column":26},"end":{"line":71,"column":null}},"64":{"start":{"line":72,"column":2},"end":{"line":72,"column":null}},"65":{"start":{"line":72,"column":24},"end":{"line":72,"column":null}},"66":{"start":{"line":73,"column":2},"end":{"line":73,"column":null}},"67":{"start":{"line":73,"column":25},"end":{"line":73,"column":null}},"68":{"start":{"line":74,"column":2},"end":{"line":74,"column":null}},"69":{"start":{"line":74,"column":20},"end":{"line":74,"column":null}},"70":{"start":{"line":75,"column":2},"end":{"line":75,"column":null}},"71":{"start":{"line":75,"column":64},"end":{"line":75,"column":70}}},"fnMap":{"0":{"name":"(anonymous_0)","decl":{"start":{"line":5,"column":17},"end":{"line":5,"column":18}},"loc":{"start":{"line":6,"column":2},"end":{"line":6,"column":76}},"line":6},"1":{"name":"(anonymous_1)","decl":{"start":{"line":9,"column":2},"end":{"line":9,"column":3}},"loc":{"start":{"line":9,"column":14},"end":{"line":15,"column":3}},"line":9},"2":{"name":"(anonymous_2)","decl":{"start":{"line":16,"column":2},"end":{"line":16,"column":3}},"loc":{"start":{"line":16,"column":13},"end":{"line":16,"column":34}},"line":16},"3":{"name":"(anonymous_3)","decl":{"start":{"line":20,"column":2},"end":{"line":20,"column":3}},"loc":{"start":{"line":20,"column":16},"end":{"line":20,"column":24}},"line":20},"4":{"name":"(anonymous_4)","decl":{"start":{"line":21,"column":2},"end":{"line":21,"column":3}},"loc":{"start":{"line":21,"column":13},"end":{"line":33,"column":3}},"line":21},"5":{"name":"(anonymous_5)","decl":{"start":{"line":36,"column":29},"end":{"line":36,"column":30}},"loc":{"start":{"line":36,"column":35},"end":{"line":36,"column":78}},"line":36},"6":{"name":"(anonymous_6)","decl":{"start":{"line":36,"column":64},"end":{"line":36,"column":65}},"loc":{"start":{"line":36,"column":71},"end":{"line":36,"column":77}},"line":36},"7":{"name":"(anonymous_7)","decl":{"start":{"line":38,"column":31},"end":{"line":38,"column":32}},"loc":{"start":{"line":38,"column":49},"end":{"line":45,"column":1}},"line":38},"8":{"name":"(anonymous_8)","decl":{"start":{"line":44,"column":52},"end":{"line":44,"column":53}},"loc":{"start":{"line":44,"column":59},"end":{"line":44,"column":65}},"line":44},"9":{"name":"(anonymous_9)","decl":{"start":{"line":47,"column":33},"end":{"line":47,"column":34}},"loc":{"start":{"line":48,"column":2},"end":{"line":48,"column":54}},"line":48},"10":{"name":"(anonymous_10)","decl":{"start":{"line":48,"column":40},"end":{"line":48,"column":41}},"loc":{"start":{"line":48,"column":47},"end":{"line":48,"column":53}},"line":48},"11":{"name":"(anonymous_11)","decl":{"start":{"line":50,"column":26},"end":{"line":50,"column":27}},"loc":{"start":{"line":50,"column":32},"end":{"line":50,"column":72}},"line":50},"12":{"name":"(anonymous_12)","decl":{"start":{"line":50,"column":58},"end":{"line":50,"column":59}},"loc":{"start":{"line":50,"column":65},"end":{"line":50,"column":71}},"line":50},"13":{"name":"(anonymous_13)","decl":{"start":{"line":52,"column":25},"end":{"line":52,"column":26}},"loc":{"start":{"line":52,"column":33},"end":{"line":52,"column":78}},"line":52},"14":{"name":"(anonymous_14)","decl":{"start":{"line":52,"column":64},"end":{"line":52,"column":65}},"loc":{"start":{"line":52,"column":71},"end":{"line":52,"column":77}},"line":52},"15":{"name":"(anonymous_15)","decl":{"start":{"line":54,"column":28},"end":{"line":54,"column":29}},"loc":{"start":{"line":55,"column":2},"end":{"line":55,"column":49}},"line":55},"16":{"name":"(anonymous_16)","decl":{"start":{"line":55,"column":35},"end":{"line":55,"column":36}},"loc":{"start":{"line":55,"column":42},"end":{"line":55,"column":48}},"line":55},"17":{"name":"(anonymous_17)","decl":{"start":{"line":57,"column":28},"end":{"line":57,"column":29}},"loc":{"start":{"line":58,"column":2},"end":{"line":58,"column":53}},"line":58},"18":{"name":"(anonymous_18)","decl":{"start":{"line":58,"column":39},"end":{"line":58,"column":40}},"loc":{"start":{"line":58,"column":46},"end":{"line":58,"column":52}},"line":58},"19":{"name":"(anonymous_19)","decl":{"start":{"line":60,"column":24},"end":{"line":60,"column":25}},"loc":{"start":{"line":61,"column":2},"end":{"line":61,"column":54}},"line":61},"20":{"name":"(anonymous_20)","decl":{"start":{"line":61,"column":40},"end":{"line":61,"column":41}},"loc":{"start":{"line":61,"column":47},"end":{"line":61,"column":53}},"line":61},"21":{"name":"(anonymous_21)","decl":{"start":{"line":62,"column":21},"end":{"line":62,"column":22}},"loc":{"start":{"line":63,"column":2},"end":{"line":63,"column":51}},"line":63},"22":{"name":"(anonymous_22)","decl":{"start":{"line":63,"column":37},"end":{"line":63,"column":38}},"loc":{"start":{"line":63,"column":44},"end":{"line":63,"column":50}},"line":63},"23":{"name":"(anonymous_23)","decl":{"start":{"line":65,"column":33},"end":{"line":65,"column":34}},"loc":{"start":{"line":66,"column":2},"end":{"line":66,"column":58}},"line":66},"24":{"name":"(anonymous_24)","decl":{"start":{"line":66,"column":44},"end":{"line":66,"column":45}},"loc":{"start":{"line":66,"column":51},"end":{"line":66,"column":57}},"line":66},"25":{"name":"(anonymous_25)","decl":{"start":{"line":67,"column":33},"end":{"line":67,"column":34}},"loc":{"start":{"line":68,"column":2},"end":{"line":68,"column":55}},"line":68},"26":{"name":"(anonymous_26)","decl":{"start":{"line":68,"column":41},"end":{"line":68,"column":42}},"loc":{"start":{"line":68,"column":48},"end":{"line":68,"column":54}},"line":68},"27":{"name":"(anonymous_27)","decl":{"start":{"line":69,"column":36},"end":{"line":69,"column":37}},"loc":{"start":{"line":69,"column":54},"end":{"line":76,"column":1}},"line":69},"28":{"name":"(anonymous_28)","decl":{"start":{"line":75,"column":57},"end":{"line":75,"column":58}},"loc":{"start":{"line":75,"column":64},"end":{"line":75,"column":70}},"line":75}},"branchMap":{"0":{"loc":{"start":{"line":6,"column":2},"end":{"line":6,"column":76}},"type":"binary-expr","locations":[{"start":{"line":6,"column":2},"end":{"line":6,"column":36}},{"start":{"line":6,"column":40},"end":{"line":6,"column":76}}],"line":6},"1":{"loc":{"start":{"line":11,"column":4},"end":{"line":13,"column":null}},"type":"if","locations":[{"start":{"line":11,"column":4},"end":{"line":13,"column":null}},{"start":{},"end":{}}],"line":11},"2":{"loc":{"start":{"line":11,"column":8},"end":{"line":11,"column":47}},"type":"binary-expr","locations":[{"start":{"line":11,"column":8},"end":{"line":11,"column":13}},{"start":{"line":11,"column":17},"end":{"line":11,"column":47}}],"line":11},"3":{"loc":{"start":{"line":22,"column":4},"end":{"line":31,"column":null}},"type":"if","locations":[{"start":{"line":22,"column":4},"end":{"line":31,"column":null}},{"start":{},"end":{}}],"line":22},"4":{"loc":{"start":{"line":23,"column":6},"end":{"line":24,"column":null}},"type":"binary-expr","locations":[{"start":{"line":23,"column":6},"end":{"line":23,"column":36}},{"start":{"line":24,"column":6},"end":{"line":24,"column":null}}],"line":23},"5":{"loc":{"start":{"line":38,"column":32},"end":{"line":38,"column":44}},"type":"default-arg","locations":[{"start":{"line":38,"column":42},"end":{"line":38,"column":44}}],"line":38},"6":{"loc":{"start":{"line":40,"column":2},"end":{"line":40,"column":null}},"type":"if","locations":[{"start":{"line":40,"column":2},"end":{"line":40,"column":null}},{"start":{},"end":{}}],"line":40},"7":{"loc":{"start":{"line":41,"column":2},"end":{"line":41,"column":null}},"type":"if","locations":[{"start":{"line":41,"column":2},"end":{"line":41,"column":null}},{"start":{},"end":{}}],"line":41},"8":{"loc":{"start":{"line":42,"column":2},"end":{"line":42,"column":null}},"type":"if","locations":[{"start":{"line":42,"column":2},"end":{"line":42,"column":null}},{"start":{},"end":{}}],"line":42},"9":{"loc":{"start":{"line":43,"column":2},"end":{"line":43,"column":null}},"type":"if","locations":[{"start":{"line":43,"column":2},"end":{"line":43,"column":null}},{"start":{},"end":{}}],"line":43},"10":{"loc":{"start":{"line":69,"column":37},"end":{"line":69,"column":49}},"type":"default-arg","locations":[{"start":{"line":69,"column":47},"end":{"line":69,"column":49}}],"line":69},"11":{"loc":{"start":{"line":71,"column":2},"end":{"line":71,"column":null}},"type":"if","locations":[{"start":{"line":71,"column":2},"end":{"line":71,"column":null}},{"start":{},"end":{}}],"line":71},"12":{"loc":{"start":{"line":72,"column":2},"end":{"line":72,"column":null}},"type":"if","locations":[{"start":{"line":72,"column":2},"end":{"line":72,"column":null}},{"start":{},"end":{}}],"line":72},"13":{"loc":{"start":{"line":73,"column":2},"end":{"line":73,"column":null}},"type":"if","locations":[{"start":{"line":73,"column":2},"end":{"line":73,"column":null}},{"start":{},"end":{}}],"line":73},"14":{"loc":{"start":{"line":74,"column":2},"end":{"line":74,"column":null}},"type":"if","locations":[{"start":{"line":74,"column":2},"end":{"line":74,"column":null}},{"start":{},"end":{}}],"line":74}},"s":{"0":13,"1":13,"2":237,"3":13,"4":237,"5":237,"6":92,"7":237,"8":0,"9":13,"10":212,"11":24,"12":11,"13":11,"14":11,"15":11,"16":11,"17":24,"18":13,"19":100,"20":100,"21":13,"22":64,"23":64,"24":48,"25":64,"26":48,"27":64,"28":11,"29":64,"30":0,"31":64,"32":61,"33":13,"34":4,"35":2,"36":13,"37":26,"38":23,"39":13,"40":10,"41":10,"42":13,"43":3,"44":1,"45":13,"46":4,"47":1,"48":13,"49":4,"50":2,"51":13,"52":7,"53":5,"54":13,"55":7,"56":3,"57":13,"58":8,"59":4,"60":13,"61":0,"62":0,"63":0,"64":0,"65":0,"66":0,"67":0,"68":0,"69":0,"70":0,"71":0},"f":{"0":237,"1":237,"2":0,"3":212,"4":24,"5":100,"6":100,"7":64,"8":61,"9":4,"10":2,"11":26,"12":23,"13":10,"14":10,"15":3,"16":1,"17":4,"18":1,"19":4,"20":2,"21":7,"22":5,"23":7,"24":3,"25":8,"26":4,"27":0,"28":0},"b":{"0":[237,144],"1":[92,145],"2":[237,94],"3":[11,13],"4":[24,11],"5":[64],"6":[48,16],"7":[48,16],"8":[11,53],"9":[0,64],"10":[0],"11":[0,0],"12":[0,0],"13":[0,0],"14":[0,0]},"meta":{"lastBranch":15,"lastFunction":29,"lastStatement":72,"seen":{"s:3:12:3:45":0,"s:5:17:6:76":1,"f:5:17:5:18":0,"s:6:2:6:76":2,"b:6:2:6:36:6:40:6:76":0,"s:8:0:17:Infinity":3,"f:9:2:9:3":1,"s:10:18:10:28":4,"b:11:4:13:Infinity:undefined:undefined:undefined:undefined":1,"s:11:4:13:Infinity":5,"b:11:8:11:13:11:17:11:47":2,"s:12:6:12:Infinity":6,"s:14:4:14:Infinity":7,"f:16:2:16:3":2,"s:16:13:16:34":8,"s:19:0:34:Infinity":9,"f:20:2:20:3":3,"s:20:16:20:24":10,"f:21:2:21:3":4,"b:22:4:31:Infinity:undefined:undefined:undefined:undefined":3,"s:22:4:31:Infinity":11,"b:23:6:23:36:24:6:24:Infinity":4,"s:26:6:26:Infinity":12,"s:27:6:27:Infinity":13,"s:28:6:28:Infinity":14,"s:29:6:29:Infinity":15,"s:30:6:30:Infinity":16,"s:32:4:32:Infinity":17,"s:36:29:36:78":18,"f:36:29:36:30":5,"s:36:35:36:78":19,"f:36:64:36:65":6,"s:36:71:36:77":20,"s:38:31:45:1":21,"f:38:31:38:32":7,"b:38:42:38:44":5,"s:39:17:39:19":22,"b:40:2:40:Infinity:undefined:undefined:undefined:undefined":6,"s:40:2:40:Infinity":23,"s:40:26:40:Infinity":24,"b:41:2:41:Infinity:undefined:undefined:undefined:undefined":7,"s:41:2:41:Infinity":25,"s:41:24:41:Infinity":26,"b:42:2:42:Infinity:undefined:undefined:undefined:undefined":8,"s:42:2:42:Infinity":27,"s:42:25:42:Infinity":28,"b:43:2:43:Infinity:undefined:undefined:undefined:undefined":9,"s:43:2:43:Infinity":29,"s:43:20:43:Infinity":30,"s:44:2:44:Infinity":31,"f:44:52:44:53":8,"s:44:59:44:65":32,"s:47:33:48:54":33,"f:47:33:47:34":9,"s:48:2:48:54":34,"f:48:40:48:41":10,"s:48:47:48:53":35,"s:50:26:50:72":36,"f:50:26:50:27":11,"s:50:32:50:72":37,"f:50:58:50:59":12,"s:50:65:50:71":38,"s:52:25:52:78":39,"f:52:25:52:26":13,"s:52:33:52:78":40,"f:52:64:52:65":14,"s:52:71:52:77":41,"s:54:28:55:49":42,"f:54:28:54:29":15,"s:55:2:55:49":43,"f:55:35:55:36":16,"s:55:42:55:48":44,"s:57:28:58:53":45,"f:57:28:57:29":17,"s:58:2:58:53":46,"f:58:39:58:40":18,"s:58:46:58:52":47,"s:60:24:61:54":48,"f:60:24:60:25":19,"s:61:2:61:54":49,"f:61:40:61:41":20,"s:61:47:61:53":50,"s:62:21:63:51":51,"f:62:21:62:22":21,"s:63:2:63:51":52,"f:63:37:63:38":22,"s:63:44:63:50":53,"s:65:33:66:58":54,"f:65:33:65:34":23,"s:66:2:66:58":55,"f:66:44:66:45":24,"s:66:51:66:57":56,"s:67:33:68:55":57,"f:67:33:67:34":25,"s:68:2:68:55":58,"f:68:41:68:42":26,"s:68:48:68:54":59,"s:69:36:76:1":60,"f:69:36:69:37":27,"b:69:47:69:49":10,"s:70:17:70:19":61,"b:71:2:71:Infinity:undefined:undefined:undefined:undefined":11,"s:71:2:71:Infinity":62,"s:71:26:71:Infinity":63,"b:72:2:72:Infinity:undefined:undefined:undefined:undefined":12,"s:72:2:72:Infinity":64,"s:72:24:72:Infinity":65,"b:73:2:73:Infinity:undefined:undefined:undefined:undefined":13,"s:73:2:73:Infinity":66,"s:73:25:73:Infinity":67,"b:74:2:74:Infinity:undefined:undefined:undefined:undefined":14,"s:74:2:74:Infinity":68,"s:74:20:74:Infinity":69,"s:75:2:75:Infinity":70,"f:75:57:75:58":28,"s:75:64:75:70":71}}}
,"/Users/lohanlacroix/dev/tu/durand-lacroix-mybudget-testing/frontend/src/components/BackgroundShapes.jsx": {"path":"/Users/lohanlacroix/dev/tu/durand-lacroix-mybudget-testing/frontend/src/components/BackgroundShapes.jsx","statementMap":{"0":{"start":{"line":2,"column":2},"end":{"line":383,"column":null}}},"fnMap":{"0":{"name":"BackgroundShapes","decl":{"start":{"line":1,"column":24},"end":{"line":1,"column":43}},"loc":{"start":{"line":1,"column":43},"end":{"line":385,"column":null}},"line":1}},"branchMap":{},"s":{"0":24},"f":{"0":24},"b":{},"meta":{"lastBranch":0,"lastFunction":1,"lastStatement":1,"seen":{"f:1:24:1:43":0,"s:2:2:383:Infinity":0}}}
,"/Users/lohanlacroix/dev/tu/durand-lacroix-mybudget-testing/frontend/src/components/BudgetCard.jsx": {"path":"/Users/lohanlacroix/dev/tu/durand-lacroix-mybudget-testing/frontend/src/components/BudgetCard.jsx","statementMap":{"0":{"start":{"line":4,"column":2},"end":{"line":4,"column":null}},"1":{"start":{"line":4,"column":29},"end":{"line":4,"column":null}},"2":{"start":{"line":5,"column":2},"end":{"line":5,"column":null}},"3":{"start":{"line":5,"column":17},"end":{"line":5,"column":null}},"4":{"start":{"line":6,"column":2},"end":{"line":6,"column":null}},"5":{"start":{"line":9,"column":20},"end":{"line":12,"column":null}},"6":{"start":{"line":10,"column":2},"end":{"line":12,"column":null}},"7":{"start":{"line":15,"column":12},"end":{"line":15,"column":null}},"8":{"start":{"line":16,"column":2},"end":{"line":22,"column":null}},"9":{"start":{"line":17,"column":14},"end":{"line":17,"column":null}},"10":{"start":{"line":18,"column":14},"end":{"line":18,"column":null}},"11":{"start":{"line":19,"column":14},"end":{"line":19,"column":null}},"12":{"start":{"line":20,"column":14},"end":{"line":20,"column":null}},"13":{"start":{"line":21,"column":4},"end":{"line":21,"column":null}},"14":{"start":{"line":23,"column":8},"end":{"line":23,"column":null}},"15":{"start":{"line":24,"column":12},"end":{"line":24,"column":null}},"16":{"start":{"line":25,"column":12},"end":{"line":25,"column":null}},"17":{"start":{"line":26,"column":12},"end":{"line":26,"column":null}},"18":{"start":{"line":27,"column":2},"end":{"line":27,"column":null}},"19":{"start":{"line":31,"column":8},"end":{"line":31,"column":null}},"20":{"start":{"line":32,"column":14},"end":{"line":32,"column":null}},"21":{"start":{"line":33,"column":17},"end":{"line":33,"column":null}},"22":{"start":{"line":35,"column":2},"end":{"line":98,"column":null}},"23":{"start":{"line":38,"column":21},"end":{"line":38,"column":null}},"24":{"start":{"line":53,"column":16},"end":{"line":53,"column":null}},"25":{"start":{"line":54,"column":16},"end":{"line":54,"column":null}}},"fnMap":{"0":{"name":"progressColor","decl":{"start":{"line":3,"column":9},"end":{"line":3,"column":23}},"loc":{"start":{"line":3,"column":37},"end":{"line":7,"column":null}},"line":3},"1":{"name":"(anonymous_1)","decl":{"start":{"line":9,"column":20},"end":{"line":9,"column":21}},"loc":{"start":{"line":10,"column":2},"end":{"line":12,"column":null}},"line":10},"2":{"name":"progressBg","decl":{"start":{"line":14,"column":16},"end":{"line":14,"column":27}},"loc":{"start":{"line":14,"column":32},"end":{"line":28,"column":null}},"line":14},"3":{"name":"BudgetCard","decl":{"start":{"line":30,"column":24},"end":{"line":30,"column":35}},"loc":{"start":{"line":30,"column":55},"end":{"line":100,"column":null}},"line":30},"4":{"name":"(anonymous_4)","decl":{"start":{"line":38,"column":15},"end":{"line":38,"column":21}},"loc":{"start":{"line":38,"column":21},"end":{"line":38,"column":null}},"line":38},"5":{"name":"(anonymous_5)","decl":{"start":{"line":52,"column":23},"end":{"line":52,"column":24}},"loc":{"start":{"line":52,"column":30},"end":{"line":55,"column":null}},"line":52}},"branchMap":{"0":{"loc":{"start":{"line":4,"column":2},"end":{"line":4,"column":null}},"type":"if","locations":[{"start":{"line":4,"column":2},"end":{"line":4,"column":null}},{"start":{},"end":{}}],"line":4},"1":{"loc":{"start":{"line":4,"column":6},"end":{"line":4,"column":29}},"type":"binary-expr","locations":[{"start":{"line":4,"column":6},"end":{"line":4,"column":17}},{"start":{"line":4,"column":17},"end":{"line":4,"column":29}}],"line":4},"2":{"loc":{"start":{"line":5,"column":2},"end":{"line":5,"column":null}},"type":"if","locations":[{"start":{"line":5,"column":2},"end":{"line":5,"column":null}},{"start":{},"end":{}}],"line":5},"3":{"loc":{"start":{"line":16,"column":2},"end":{"line":22,"column":null}},"type":"if","locations":[{"start":{"line":16,"column":2},"end":{"line":22,"column":null}},{"start":{},"end":{}}],"line":16},"4":{"loc":{"start":{"line":45,"column":11},"end":{"line":48,"column":null}},"type":"binary-expr","locations":[{"start":{"line":45,"column":11},"end":{"line":45,"column":null}},{"start":{"line":46,"column":12},"end":{"line":48,"column":null}}],"line":45},"5":{"loc":{"start":{"line":50,"column":11},"end":{"line":72,"column":null}},"type":"binary-expr","locations":[{"start":{"line":50,"column":11},"end":{"line":50,"column":null}},{"start":{"line":51,"column":12},"end":{"line":72,"column":null}}],"line":50},"6":{"loc":{"start":{"line":94,"column":66},"end":{"line":94,"column":106}},"type":"cond-expr","locations":[{"start":{"line":94,"column":75},"end":{"line":94,"column":90}},{"start":{"line":94,"column":90},"end":{"line":94,"column":106}}],"line":94}},"s":{"0":0,"1":0,"2":0,"3":0,"4":0,"5":11,"6":671,"7":80,"8":80,"9":50,"10":50,"11":50,"12":50,"13":50,"14":30,"15":30,"16":30,"17":30,"18":30,"19":0,"20":0,"21":0,"22":0,"23":0,"24":0,"25":0},"f":{"0":0,"1":671,"2":80,"3":0,"4":0,"5":0},"b":{"0":[0,0],"1":[0,0],"2":[0,0],"3":[50,30],"4":[0,0],"5":[0,0],"6":[0,0]},"meta":{"lastBranch":7,"lastFunction":6,"lastStatement":26,"seen":{"f:3:9:3:23":0,"b:4:2:4:Infinity:undefined:undefined:undefined:undefined":0,"s:4:2:4:Infinity":0,"b:4:6:4:17:4:17:4:29":1,"s:4:29:4:Infinity":1,"b:5:2:5:Infinity:undefined:undefined:undefined:undefined":2,"s:5:2:5:Infinity":2,"s:5:17:5:Infinity":3,"s:6:2:6:Infinity":4,"s:9:20:12:Infinity":5,"f:9:20:9:21":1,"s:10:2:12:Infinity":6,"f:14:16:14:27":2,"s:15:12:15:Infinity":7,"b:16:2:22:Infinity:undefined:undefined:undefined:undefined":3,"s:16:2:22:Infinity":8,"s:17:14:17:Infinity":9,"s:18:14:18:Infinity":10,"s:19:14:19:Infinity":11,"s:20:14:20:Infinity":12,"s:21:4:21:Infinity":13,"s:23:8:23:Infinity":14,"s:24:12:24:Infinity":15,"s:25:12:25:Infinity":16,"s:26:12:26:Infinity":17,"s:27:2:27:Infinity":18,"f:30:24:30:35":3,"s:31:8:31:Infinity":19,"s:32:14:32:Infinity":20,"s:33:17:33:Infinity":21,"s:35:2:98:Infinity":22,"f:38:15:38:21":4,"s:38:21:38:Infinity":23,"b:45:11:45:Infinity:46:12:48:Infinity":4,"b:50:11:50:Infinity:51:12:72:Infinity":5,"f:52:23:52:24":5,"s:53:16:53:Infinity":24,"s:54:16:54:Infinity":25,"b:94:75:94:90:94:90:94:106":6}}}
,"/Users/lohanlacroix/dev/tu/durand-lacroix-mybudget-testing/frontend/src/components/BudgetFormModal.jsx": {"path":"/Users/lohanlacroix/dev/tu/durand-lacroix-mybudget-testing/frontend/src/components/BudgetFormModal.jsx","statementMap":{"0":{"start":{"line":7,"column":8},"end":{"line":7,"column":null}},"1":{"start":{"line":8,"column":17},"end":{"line":8,"column":null}},"2":{"start":{"line":9,"column":34},"end":{"line":9,"column":null}},"3":{"start":{"line":10,"column":28},"end":{"line":10,"column":null}},"4":{"start":{"line":11,"column":24},"end":{"line":11,"column":null}},"5":{"start":{"line":12,"column":22},"end":{"line":17,"column":null}},"6":{"start":{"line":18,"column":28},"end":{"line":18,"column":null}},"7":{"start":{"line":20,"column":2},"end":{"line":46,"column":null}},"8":{"start":{"line":21,"column":4},"end":{"line":45,"column":null}},"9":{"start":{"line":22,"column":6},"end":{"line":24,"column":null}},"10":{"start":{"line":25,"column":6},"end":{"line":43,"column":null}},"11":{"start":{"line":26,"column":21},"end":{"line":31,"column":null}},"12":{"start":{"line":32,"column":8},"end":{"line":32,"column":null}},"13":{"start":{"line":33,"column":8},"end":{"line":33,"column":null}},"14":{"start":{"line":35,"column":21},"end":{"line":40,"column":null}},"15":{"start":{"line":41,"column":8},"end":{"line":41,"column":null}},"16":{"start":{"line":42,"column":8},"end":{"line":42,"column":null}},"17":{"start":{"line":44,"column":6},"end":{"line":44,"column":null}},"18":{"start":{"line":49,"column":4},"end":{"line":49,"column":null}},"19":{"start":{"line":51,"column":23},"end":{"line":92,"column":null}},"20":{"start":{"line":52,"column":4},"end":{"line":52,"column":null}},"21":{"start":{"line":53,"column":4},"end":{"line":56,"column":null}},"22":{"start":{"line":54,"column":6},"end":{"line":54,"column":null}},"23":{"start":{"line":55,"column":6},"end":{"line":55,"column":null}},"24":{"start":{"line":57,"column":4},"end":{"line":60,"column":null}},"25":{"start":{"line":58,"column":6},"end":{"line":58,"column":null}},"26":{"start":{"line":59,"column":6},"end":{"line":59,"column":null}},"27":{"start":{"line":61,"column":4},"end":{"line":61,"column":null}},"28":{"start":{"line":62,"column":4},"end":{"line":62,"column":null}},"29":{"start":{"line":63,"column":4},"end":{"line":91,"column":null}},"30":{"start":{"line":64,"column":22},"end":{"line":69,"column":null}},"31":{"start":{"line":70,"column":6},"end":{"line":76,"column":null}},"32":{"start":{"line":71,"column":8},"end":{"line":71,"column":null}},"33":{"start":{"line":72,"column":8},"end":{"line":72,"column":null}},"34":{"start":{"line":74,"column":8},"end":{"line":74,"column":null}},"35":{"start":{"line":75,"column":8},"end":{"line":75,"column":null}},"36":{"start":{"line":77,"column":6},"end":{"line":77,"column":null}},"37":{"start":{"line":78,"column":6},"end":{"line":78,"column":null}},"38":{"start":{"line":80,"column":21},"end":{"line":80,"column":null}},"39":{"start":{"line":81,"column":6},"end":{"line":88,"column":null}},"40":{"start":{"line":82,"column":8},"end":{"line":82,"column":null}},"41":{"start":{"line":83,"column":6},"end":{"line":88,"column":null}},"42":{"start":{"line":84,"column":8},"end":{"line":84,"column":null}},"43":{"start":{"line":85,"column":8},"end":{"line":85,"column":null}},"44":{"start":{"line":87,"column":8},"end":{"line":87,"column":null}},"45":{"start":{"line":90,"column":6},"end":{"line":90,"column":null}},"46":{"start":{"line":94,"column":2},"end":{"line":192,"column":null}},"47":{"start":{"line":109,"column":14},"end":{"line":109,"column":null}},"48":{"start":{"line":109,"column":30},"end":{"line":109,"column":69}},"49":{"start":{"line":115,"column":14},"end":{"line":117,"column":null}},"50":{"start":{"line":132,"column":14},"end":{"line":132,"column":null}},"51":{"start":{"line":132,"column":30},"end":{"line":132,"column":69}},"52":{"start":{"line":148,"column":16},"end":{"line":148,"column":null}},"53":{"start":{"line":148,"column":32},"end":{"line":148,"column":72}},"54":{"start":{"line":163,"column":16},"end":{"line":163,"column":null}},"55":{"start":{"line":163,"column":32},"end":{"line":163,"column":70}}},"fnMap":{"0":{"name":"BudgetFormModal","decl":{"start":{"line":6,"column":24},"end":{"line":6,"column":40}},"loc":{"start":{"line":6,"column":78},"end":{"line":194,"column":null}},"line":6},"1":{"name":"(anonymous_1)","decl":{"start":{"line":20,"column":12},"end":{"line":20,"column":18}},"loc":{"start":{"line":20,"column":18},"end":{"line":46,"column":5}},"line":20},"2":{"name":"(anonymous_2)","decl":{"start":{"line":24,"column":15},"end":{"line":24,"column":21}},"loc":{"start":{"line":24,"column":21},"end":{"line":24,"column":23}},"line":24},"3":{"name":"(anonymous_3)","decl":{"start":{"line":51,"column":23},"end":{"line":51,"column":30}},"loc":{"start":{"line":51,"column":36},"end":{"line":92,"column":null}},"line":51},"4":{"name":"(anonymous_4)","decl":{"start":{"line":108,"column":22},"end":{"line":108,"column":23}},"loc":{"start":{"line":109,"column":14},"end":{"line":109,"column":null}},"line":109},"5":{"name":"(anonymous_5)","decl":{"start":{"line":109,"column":22},"end":{"line":109,"column":23}},"loc":{"start":{"line":109,"column":30},"end":{"line":109,"column":69}},"line":109},"6":{"name":"(anonymous_6)","decl":{"start":{"line":114,"column":28},"end":{"line":114,"column":29}},"loc":{"start":{"line":115,"column":14},"end":{"line":117,"column":null}},"line":115},"7":{"name":"(anonymous_7)","decl":{"start":{"line":131,"column":22},"end":{"line":131,"column":23}},"loc":{"start":{"line":132,"column":14},"end":{"line":132,"column":null}},"line":132},"8":{"name":"(anonymous_8)","decl":{"start":{"line":132,"column":22},"end":{"line":132,"column":23}},"loc":{"start":{"line":132,"column":30},"end":{"line":132,"column":69}},"line":132},"9":{"name":"(anonymous_9)","decl":{"start":{"line":147,"column":24},"end":{"line":147,"column":25}},"loc":{"start":{"line":148,"column":16},"end":{"line":148,"column":null}},"line":148},"10":{"name":"(anonymous_10)","decl":{"start":{"line":148,"column":24},"end":{"line":148,"column":25}},"loc":{"start":{"line":148,"column":32},"end":{"line":148,"column":72}},"line":148},"11":{"name":"(anonymous_11)","decl":{"start":{"line":162,"column":24},"end":{"line":162,"column":25}},"loc":{"start":{"line":163,"column":16},"end":{"line":163,"column":null}},"line":163},"12":{"name":"(anonymous_12)","decl":{"start":{"line":163,"column":24},"end":{"line":163,"column":25}},"loc":{"start":{"line":163,"column":32},"end":{"line":163,"column":70}},"line":163}},"branchMap":{"0":{"loc":{"start":{"line":21,"column":4},"end":{"line":45,"column":null}},"type":"if","locations":[{"start":{"line":21,"column":4},"end":{"line":45,"column":null}},{"start":{},"end":{}}],"line":21},"1":{"loc":{"start":{"line":25,"column":6},"end":{"line":43,"column":null}},"type":"if","locations":[{"start":{"line":25,"column":6},"end":{"line":43,"column":null}},{"start":{"line":34,"column":13},"end":{"line":43,"column":null}}],"line":25},"2":{"loc":{"start":{"line":49,"column":4},"end":{"line":49,"column":null}},"type":"binary-expr","locations":[{"start":{"line":49,"column":4},"end":{"line":49,"column":15}},{"start":{"line":49,"column":15},"end":{"line":49,"column":27}},{"start":{"line":49,"column":27},"end":{"line":49,"column":null}}],"line":49},"3":{"loc":{"start":{"line":53,"column":4},"end":{"line":56,"column":null}},"type":"if","locations":[{"start":{"line":53,"column":4},"end":{"line":56,"column":null}},{"start":{},"end":{}}],"line":53},"4":{"loc":{"start":{"line":57,"column":4},"end":{"line":60,"column":null}},"type":"if","locations":[{"start":{"line":57,"column":4},"end":{"line":60,"column":null}},{"start":{},"end":{}}],"line":57},"5":{"loc":{"start":{"line":57,"column":8},"end":{"line":57,"column":62}},"type":"binary-expr","locations":[{"start":{"line":57,"column":8},"end":{"line":57,"column":30}},{"start":{"line":57,"column":30},"end":{"line":57,"column":62}}],"line":57},"6":{"loc":{"start":{"line":70,"column":6},"end":{"line":76,"column":null}},"type":"if","locations":[{"start":{"line":70,"column":6},"end":{"line":76,"column":null}},{"start":{"line":73,"column":13},"end":{"line":76,"column":null}}],"line":70},"7":{"loc":{"start":{"line":80,"column":21},"end":{"line":80,"column":null}},"type":"binary-expr","locations":[{"start":{"line":80,"column":21},"end":{"line":80,"column":51}},{"start":{"line":80,"column":51},"end":{"line":80,"column":null}}],"line":80},"8":{"loc":{"start":{"line":81,"column":6},"end":{"line":88,"column":null}},"type":"if","locations":[{"start":{"line":81,"column":6},"end":{"line":88,"column":null}},{"start":{"line":83,"column":6},"end":{"line":88,"column":null}}],"line":81},"9":{"loc":{"start":{"line":83,"column":6},"end":{"line":88,"column":null}},"type":"if","locations":[{"start":{"line":83,"column":6},"end":{"line":88,"column":null}},{"start":{"line":86,"column":13},"end":{"line":88,"column":null}}],"line":83},"10":{"loc":{"start":{"line":98,"column":13},"end":{"line":98,"column":null}},"type":"cond-expr","locations":[{"start":{"line":98,"column":22},"end":{"line":98,"column":45}},{"start":{"line":98,"column":45},"end":{"line":98,"column":null}}],"line":98},"11":{"loc":{"start":{"line":160,"column":19},"end":{"line":160,"column":null}},"type":"binary-expr","locations":[{"start":{"line":160,"column":19},"end":{"line":160,"column":41}},{"start":{"line":160,"column":41},"end":{"line":160,"column":null}}],"line":160},"12":{"loc":{"start":{"line":169,"column":9},"end":{"line":172,"column":null}},"type":"binary-expr","locations":[{"start":{"line":169,"column":9},"end":{"line":169,"column":null}},{"start":{"line":170,"column":10},"end":{"line":172,"column":null}}],"line":169},"13":{"loc":{"start":{"line":176,"column":20},"end":{"line":176,"column":null}},"type":"binary-expr","locations":[{"start":{"line":176,"column":20},"end":{"line":176,"column":31}},{"start":{"line":176,"column":31},"end":{"line":176,"column":null}}],"line":176},"14":{"loc":{"start":{"line":181,"column":13},"end":{"line":186,"column":null}},"type":"cond-expr","locations":[{"start":{"line":182,"column":14},"end":{"line":182,"column":null}},{"start":{"line":184,"column":14},"end":{"line":186,"column":null}}],"line":181},"15":{"loc":{"start":{"line":188,"column":13},"end":{"line":188,"column":null}},"type":"cond-expr","locations":[{"start":{"line":188,"column":22},"end":{"line":188,"column":38}},{"start":{"line":188,"column":38},"end":{"line":188,"column":null}}],"line":188}},"s":{"0":132,"1":132,"2":132,"3":132,"4":132,"5":132,"6":132,"7":132,"8":35,"9":16,"10":16,"11":9,"12":9,"13":9,"14":7,"15":7,"16":7,"17":16,"18":132,"19":132,"20":10,"21":10,"22":2,"23":2,"24":8,"25":1,"26":1,"27":7,"28":7,"29":7,"30":7,"31":7,"32":4,"33":1,"34":3,"35":1,"36":2,"37":2,"38":5,"39":5,"40":2,"41":3,"42":1,"43":1,"44":2,"45":7,"46":132,"47":4,"48":4,"49":231,"50":30,"51":30,"52":5,"53":5,"54":5,"55":5},"f":{"0":132,"1":35,"2":0,"3":10,"4":4,"5":4,"6":231,"7":30,"8":30,"9":5,"10":5,"11":5,"12":5},"b":{"0":[16,19],"1":[9,7],"2":[132,66,48],"3":[2,8],"4":[1,7],"5":[8,8],"6":[4,3],"7":[5,0],"8":[2,3],"9":[1,2],"10":[66,66],"11":[132,69],"12":[132,7],"13":[132,125],"14":[7,125],"15":[66,66]},"meta":{"lastBranch":16,"lastFunction":13,"lastStatement":56,"seen":{"f:6:24:6:40":0,"s:7:8:7:Infinity":0,"s:8:17:8:Infinity":1,"s:9:34:9:Infinity":2,"s:10:28:10:Infinity":3,"s:11:24:11:Infinity":4,"s:12:22:17:Infinity":5,"s:18:28:18:Infinity":6,"s:20:2:46:Infinity":7,"f:20:12:20:18":1,"b:21:4:45:Infinity:undefined:undefined:undefined:undefined":0,"s:21:4:45:Infinity":8,"s:22:6:24:Infinity":9,"f:24:15:24:21":2,"b:25:6:43:Infinity:34:13:43:Infinity":1,"s:25:6:43:Infinity":10,"s:26:21:31:Infinity":11,"s:32:8:32:Infinity":12,"s:33:8:33:Infinity":13,"s:35:21:40:Infinity":14,"s:41:8:41:Infinity":15,"s:42:8:42:Infinity":16,"s:44:6:44:Infinity":17,"s:49:4:49:Infinity":18,"b:49:4:49:15:49:15:49:27:49:27:49:Infinity":2,"s:51:23:92:Infinity":19,"f:51:23:51:30":3,"s:52:4:52:Infinity":20,"b:53:4:56:Infinity:undefined:undefined:undefined:undefined":3,"s:53:4:56:Infinity":21,"s:54:6:54:Infinity":22,"s:55:6:55:Infinity":23,"b:57:4:60:Infinity:undefined:undefined:undefined:undefined":4,"s:57:4:60:Infinity":24,"b:57:8:57:30:57:30:57:62":5,"s:58:6:58:Infinity":25,"s:59:6:59:Infinity":26,"s:61:4:61:Infinity":27,"s:62:4:62:Infinity":28,"s:63:4:91:Infinity":29,"s:64:22:69:Infinity":30,"b:70:6:76:Infinity:73:13:76:Infinity":6,"s:70:6:76:Infinity":31,"s:71:8:71:Infinity":32,"s:72:8:72:Infinity":33,"s:74:8:74:Infinity":34,"s:75:8:75:Infinity":35,"s:77:6:77:Infinity":36,"s:78:6:78:Infinity":37,"s:80:21:80:Infinity":38,"b:80:21:80:51:80:51:80:Infinity":7,"b:81:6:88:Infinity:83:6:88:Infinity":8,"s:81:6:88:Infinity":39,"s:82:8:82:Infinity":40,"b:83:6:88:Infinity:86:13:88:Infinity":9,"s:83:6:88:Infinity":41,"s:84:8:84:Infinity":42,"s:85:8:85:Infinity":43,"s:87:8:87:Infinity":44,"s:90:6:90:Infinity":45,"s:94:2:192:Infinity":46,"b:98:22:98:45:98:45:98:Infinity":10,"f:108:22:108:23":4,"s:109:14:109:Infinity":47,"f:109:22:109:23":5,"s:109:30:109:69":48,"f:114:28:114:29":6,"s:115:14:117:Infinity":49,"f:131:22:131:23":7,"s:132:14:132:Infinity":50,"f:132:22:132:23":8,"s:132:30:132:69":51,"f:147:24:147:25":9,"s:148:16:148:Infinity":52,"f:148:24:148:25":10,"s:148:32:148:72":53,"b:160:19:160:41:160:41:160:Infinity":11,"f:162:24:162:25":11,"s:163:16:163:Infinity":54,"f:163:24:163:25":12,"s:163:32:163:70":55,"b:169:9:169:Infinity:170:10:172:Infinity":12,"b:176:20:176:31:176:31:176:Infinity":13,"b:182:14:182:Infinity:184:14:186:Infinity":14,"b:188:22:188:38:188:38:188:Infinity":15}}}
,"/Users/lohanlacroix/dev/tu/durand-lacroix-mybudget-testing/frontend/src/components/CategoryIcons.jsx": {"path":"/Users/lohanlacroix/dev/tu/durand-lacroix-mybudget-testing/frontend/src/components/CategoryIcons.jsx","statementMap":{"0":{"start":{"line":1,"column":28},"end":{"line":216,"column":null}},"1":{"start":{"line":2,"column":16},"end":{"line":213,"column":null}},"2":{"start":{"line":215,"column":2},"end":{"line":215,"column":null}}},"fnMap":{"0":{"name":"(anonymous_0)","decl":{"start":{"line":1,"column":28},"end":{"line":1,"column":29}},"loc":{"start":{"line":1,"column":69},"end":{"line":216,"column":null}},"line":1}},"branchMap":{"0":{"loc":{"start":{"line":1,"column":41},"end":{"line":1,"column":63}},"type":"default-arg","locations":[{"start":{"line":1,"column":53},"end":{"line":1,"column":63}}],"line":1},"1":{"loc":{"start":{"line":215,"column":9},"end":{"line":215,"column":null}},"type":"binary-expr","locations":[{"start":{"line":215,"column":9},"end":{"line":215,"column":28}},{"start":{"line":215,"column":28},"end":{"line":215,"column":null}}],"line":215}},"s":{"0":10,"1":340,"2":340},"f":{"0":340},"b":{"0":[340],"1":[340,29]},"meta":{"lastBranch":2,"lastFunction":1,"lastStatement":3,"seen":{"s:1:28:216:Infinity":0,"f:1:28:1:29":0,"b:1:53:1:63":0,"s:2:16:213:Infinity":1,"s:215:2:215:Infinity":2,"b:215:9:215:28:215:28:215:Infinity":1}}}
,"/Users/lohanlacroix/dev/tu/durand-lacroix-mybudget-testing/frontend/src/components/ConfirmDialog.jsx": {"path":"/Users/lohanlacroix/dev/tu/durand-lacroix-mybudget-testing/frontend/src/components/ConfirmDialog.jsx","statementMap":{"0":{"start":{"line":13,"column":2},"end":{"line":13,"column":null}},"1":{"start":{"line":13,"column":13},"end":{"line":13,"column":null}},"2":{"start":{"line":15,"column":21},"end":{"line":28,"column":null}},"3":{"start":{"line":30,"column":16},"end":{"line":30,"column":null}},"4":{"start":{"line":32,"column":2},"end":{"line":74,"column":null}},"5":{"start":{"line":39,"column":24},"end":{"line":39,"column":null}},"6":{"start":{"line":56,"column":14},"end":{"line":56,"column":null}},"7":{"start":{"line":57,"column":14},"end":{"line":59,"column":null}},"8":{"start":{"line":58,"column":16},"end":{"line":58,"column":null}}},"fnMap":{"0":{"name":"ConfirmDialog","decl":{"start":{"line":1,"column":24},"end":{"line":1,"column":38}},"loc":{"start":{"line":12,"column":3},"end":{"line":76,"column":null}},"line":12},"1":{"name":"(anonymous_1)","decl":{"start":{"line":39,"column":17},"end":{"line":39,"column":18}},"loc":{"start":{"line":39,"column":24},"end":{"line":39,"column":null}},"line":39},"2":{"name":"(anonymous_2)","decl":{"start":{"line":55,"column":21},"end":{"line":55,"column":27}},"loc":{"start":{"line":55,"column":27},"end":{"line":60,"column":null}},"line":55}},"branchMap":{"0":{"loc":{"start":{"line":7,"column":2},"end":{"line":7,"column":null}},"type":"default-arg","locations":[{"start":{"line":7,"column":16},"end":{"line":7,"column":null}}],"line":7},"1":{"loc":{"start":{"line":8,"column":2},"end":{"line":8,"column":null}},"type":"default-arg","locations":[{"start":{"line":8,"column":15},"end":{"line":8,"column":null}}],"line":8},"2":{"loc":{"start":{"line":9,"column":2},"end":{"line":9,"column":null}},"type":"default-arg","locations":[{"start":{"line":9,"column":9},"end":{"line":9,"column":null}}],"line":9},"3":{"loc":{"start":{"line":10,"column":2},"end":{"line":10,"column":null}},"type":"default-arg","locations":[{"start":{"line":10,"column":12},"end":{"line":10,"column":null}}],"line":10},"4":{"loc":{"start":{"line":11,"column":2},"end":{"line":11,"column":null}},"type":"default-arg","locations":[{"start":{"line":11,"column":19},"end":{"line":11,"column":null}}],"line":11},"5":{"loc":{"start":{"line":13,"column":2},"end":{"line":13,"column":null}},"type":"if","locations":[{"start":{"line":13,"column":2},"end":{"line":13,"column":null}},{"start":{},"end":{}}],"line":13},"6":{"loc":{"start":{"line":57,"column":14},"end":{"line":59,"column":null}},"type":"if","locations":[{"start":{"line":57,"column":14},"end":{"line":59,"column":null}},{"start":{},"end":{}}],"line":57},"7":{"loc":{"start":{"line":66,"column":15},"end":{"line":67,"column":null}},"type":"binary-expr","locations":[{"start":{"line":66,"column":15},"end":{"line":66,"column":null}},{"start":{"line":67,"column":16},"end":{"line":67,"column":null}}],"line":66}},"s":{"0":147,"1":124,"2":23,"3":23,"4":23,"5":12,"6":12,"7":12,"8":4},"f":{"0":147,"1":12,"2":12},"b":{"0":[147],"1":[147],"2":[147],"3":[147],"4":[147],"5":[124,23],"6":[4,8],"7":[23,8]},"meta":{"lastBranch":8,"lastFunction":3,"lastStatement":9,"seen":{"f:1:24:1:38":0,"b:7:16:7:Infinity":0,"b:8:15:8:Infinity":1,"b:9:9:9:Infinity":2,"b:10:12:10:Infinity":3,"b:11:19:11:Infinity":4,"b:13:2:13:Infinity:undefined:undefined:undefined:undefined":5,"s:13:2:13:Infinity":0,"s:13:13:13:Infinity":1,"s:15:21:28:Infinity":2,"s:30:16:30:Infinity":3,"s:32:2:74:Infinity":4,"f:39:17:39:18":1,"s:39:24:39:Infinity":5,"f:55:21:55:27":2,"s:56:14:56:Infinity":6,"b:57:14:59:Infinity:undefined:undefined:undefined:undefined":6,"s:57:14:59:Infinity":7,"s:58:16:58:Infinity":8,"b:66:15:66:Infinity:67:16:67:Infinity":7}}}
,"/Users/lohanlacroix/dev/tu/durand-lacroix-mybudget-testing/frontend/src/components/Layout.jsx": {"path":"/Users/lohanlacroix/dev/tu/durand-lacroix-mybudget-testing/frontend/src/components/Layout.jsx","statementMap":{"0":{"start":{"line":9,"column":23},"end":{"line":9,"column":null}},"1":{"start":{"line":10,"column":8},"end":{"line":10,"column":null}},"2":{"start":{"line":11,"column":8},"end":{"line":11,"column":null}},"3":{"start":{"line":12,"column":8},"end":{"line":12,"column":null}},"4":{"start":{"line":13,"column":48},"end":{"line":13,"column":null}},"5":{"start":{"line":15,"column":23},"end":{"line":19,"column":null}},"6":{"start":{"line":16,"column":4},"end":{"line":16,"column":null}},"7":{"start":{"line":17,"column":4},"end":{"line":17,"column":null}},"8":{"start":{"line":18,"column":4},"end":{"line":18,"column":null}},"9":{"start":{"line":21,"column":21},"end":{"line":26,"column":null}},"10":{"start":{"line":28,"column":26},"end":{"line":33,"column":null}},"11":{"start":{"line":29,"column":4},"end":{"line":31,"column":null}},"12":{"start":{"line":30,"column":6},"end":{"line":30,"column":null}},"13":{"start":{"line":32,"column":4},"end":{"line":32,"column":null}},"14":{"start":{"line":35,"column":23},"end":{"line":35,"column":null}},"15":{"start":{"line":37,"column":19},"end":{"line":41,"column":null}},"16":{"start":{"line":43,"column":2},"end":{"line":128,"column":null}},"17":{"start":{"line":64,"column":14},"end":{"line":75,"column":null}},"18":{"start":{"line":86,"column":29},"end":{"line":86,"column":null}},"19":{"start":{"line":98,"column":12},"end":{"line":111,"column":null}},"20":{"start":{"line":120,"column":23},"end":{"line":120,"column":null}}},"fnMap":{"0":{"name":"Layout","decl":{"start":{"line":8,"column":24},"end":{"line":8,"column":31}},"loc":{"start":{"line":8,"column":45},"end":{"line":130,"column":null}},"line":8},"1":{"name":"(anonymous_1)","decl":{"start":{"line":15,"column":23},"end":{"line":15,"column":29}},"loc":{"start":{"line":15,"column":29},"end":{"line":19,"column":null}},"line":15},"2":{"name":"(anonymous_2)","decl":{"start":{"line":28,"column":26},"end":{"line":28,"column":32}},"loc":{"start":{"line":28,"column":32},"end":{"line":33,"column":null}},"line":28},"3":{"name":"(anonymous_3)","decl":{"start":{"line":63,"column":26},"end":{"line":63,"column":27}},"loc":{"start":{"line":64,"column":14},"end":{"line":75,"column":null}},"line":64},"4":{"name":"(anonymous_4)","decl":{"start":{"line":86,"column":23},"end":{"line":86,"column":29}},"loc":{"start":{"line":86,"column":29},"end":{"line":86,"column":null}},"line":86},"5":{"name":"(anonymous_5)","decl":{"start":{"line":97,"column":24},"end":{"line":97,"column":25}},"loc":{"start":{"line":98,"column":12},"end":{"line":111,"column":null}},"line":98},"6":{"name":"(anonymous_6)","decl":{"start":{"line":120,"column":17},"end":{"line":120,"column":23}},"loc":{"start":{"line":120,"column":23},"end":{"line":120,"column":null}},"line":120}},"branchMap":{"0":{"loc":{"start":{"line":29,"column":4},"end":{"line":31,"column":null}},"type":"if","locations":[{"start":{"line":29,"column":4},"end":{"line":31,"column":null}},{"start":{},"end":{}}],"line":29},"1":{"loc":{"start":{"line":32,"column":11},"end":{"line":32,"column":null}},"type":"binary-expr","locations":[{"start":{"line":32,"column":11},"end":{"line":32,"column":44}},{"start":{"line":32,"column":44},"end":{"line":32,"column":null}}],"line":32},"2":{"loc":{"start":{"line":69,"column":18},"end":{"line":71,"column":null}},"type":"cond-expr","locations":[{"start":{"line":70,"column":22},"end":{"line":70,"column":null}},{"start":{"line":71,"column":22},"end":{"line":71,"column":null}}],"line":69},"3":{"loc":{"start":{"line":80,"column":13},"end":{"line":83,"column":null}},"type":"binary-expr","locations":[{"start":{"line":80,"column":13},"end":{"line":80,"column":null}},{"start":{"line":81,"column":14},"end":{"line":83,"column":null}}],"line":80},"4":{"loc":{"start":{"line":102,"column":16},"end":{"line":104,"column":null}},"type":"cond-expr","locations":[{"start":{"line":103,"column":20},"end":{"line":103,"column":null}},{"start":{"line":104,"column":20},"end":{"line":104,"column":null}}],"line":102}},"s":{"0":24,"1":24,"2":24,"3":24,"4":24,"5":24,"6":4,"7":4,"8":4,"9":24,"10":24,"11":24,"12":9,"13":15,"14":24,"15":24,"16":24,"17":72,"18":6,"19":72,"20":4},"f":{"0":24,"1":4,"2":24,"3":72,"4":6,"5":72,"6":4},"b":{"0":[9,15],"1":[15,0],"2":[15,57],"3":[24,24],"4":[15,57]},"meta":{"lastBranch":5,"lastFunction":7,"lastStatement":21,"seen":{"f:8:24:8:31":0,"s:9:23:9:Infinity":0,"s:10:8:10:Infinity":1,"s:11:8:11:Infinity":2,"s:12:8:12:Infinity":3,"s:13:48:13:Infinity":4,"s:15:23:19:Infinity":5,"f:15:23:15:29":1,"s:16:4:16:Infinity":6,"s:17:4:17:Infinity":7,"s:18:4:18:Infinity":8,"s:21:21:26:Infinity":9,"s:28:26:33:Infinity":10,"f:28:26:28:32":2,"b:29:4:31:Infinity:undefined:undefined:undefined:undefined":0,"s:29:4:31:Infinity":11,"s:30:6:30:Infinity":12,"s:32:4:32:Infinity":13,"b:32:11:32:44:32:44:32:Infinity":1,"s:35:23:35:Infinity":14,"s:37:19:41:Infinity":15,"s:43:2:128:Infinity":16,"f:63:26:63:27":3,"s:64:14:75:Infinity":17,"b:70:22:70:Infinity:71:22:71:Infinity":2,"b:80:13:80:Infinity:81:14:83:Infinity":3,"f:86:23:86:29":4,"s:86:29:86:Infinity":18,"f:97:24:97:25":5,"s:98:12:111:Infinity":19,"b:103:20:103:Infinity:104:20:104:Infinity":4,"f:120:17:120:23":6,"s:120:23:120:Infinity":20}}}
,"/Users/lohanlacroix/dev/tu/durand-lacroix-mybudget-testing/frontend/src/components/Modal.jsx": {"path":"/Users/lohanlacroix/dev/tu/durand-lacroix-mybudget-testing/frontend/src/components/Modal.jsx","statementMap":{"0":{"start":{"line":2,"column":2},"end":{"line":2,"column":null}},"1":{"start":{"line":2,"column":13},"end":{"line":2,"column":null}},"2":{"start":{"line":4,"column":2},"end":{"line":24,"column":null}},"3":{"start":{"line":11,"column":22},"end":{"line":11,"column":null}}},"fnMap":{"0":{"name":"Modal","decl":{"start":{"line":1,"column":24},"end":{"line":1,"column":30}},"loc":{"start":{"line":1,"column":66},"end":{"line":26,"column":null}},"line":1},"1":{"name":"(anonymous_1)","decl":{"start":{"line":11,"column":17},"end":{"line":11,"column":22}},"loc":{"start":{"line":11,"column":22},"end":{"line":11,"column":null}},"line":11}},"branchMap":{"0":{"loc":{"start":{"line":2,"column":2},"end":{"line":2,"column":null}},"type":"if","locations":[{"start":{"line":2,"column":2},"end":{"line":2,"column":null}},{"start":{},"end":{}}],"line":2}},"s":{"0":328,"1":136,"2":192,"3":48},"f":{"0":328,"1":48},"b":{"0":[136,192]},"meta":{"lastBranch":1,"lastFunction":2,"lastStatement":4,"seen":{"f:1:24:1:30":0,"b:2:2:2:Infinity:undefined:undefined:undefined:undefined":0,"s:2:2:2:Infinity":0,"s:2:13:2:Infinity":1,"s:4:2:24:Infinity":2,"f:11:17:11:22":1,"s:11:22:11:Infinity":3}}}
,"/Users/lohanlacroix/dev/tu/durand-lacroix-mybudget-testing/frontend/src/components/PasswordStrength.jsx": {"path":"/Users/lohanlacroix/dev/tu/durand-lacroix-mybudget-testing/frontend/src/components/PasswordStrength.jsx","statementMap":{"0":{"start":{"line":3,"column":23},"end":{"line":3,"column":null}},"1":{"start":{"line":4,"column":23},"end":{"line":10,"column":null}},"2":{"start":{"line":12,"column":27},"end":{"line":18,"column":null}},"3":{"start":{"line":21,"column":2},"end":{"line":21,"column":null}},"4":{"start":{"line":21,"column":17},"end":{"line":21,"column":null}},"5":{"start":{"line":23,"column":8},"end":{"line":23,"column":null}},"6":{"start":{"line":24,"column":22},"end":{"line":24,"column":null}},"7":{"start":{"line":26,"column":2},"end":{"line":44,"column":null}}},"fnMap":{"0":{"name":"PasswordStrength","decl":{"start":{"line":20,"column":24},"end":{"line":20,"column":41}},"loc":{"start":{"line":20,"column":55},"end":{"line":46,"column":null}},"line":20}},"branchMap":{"0":{"loc":{"start":{"line":21,"column":2},"end":{"line":21,"column":null}},"type":"if","locations":[{"start":{"line":21,"column":2},"end":{"line":21,"column":null}},{"start":{},"end":{}}],"line":21}},"s":{"0":10,"1":10,"2":10,"3":363,"4":46,"5":317,"6":317,"7":317},"f":{"0":363},"b":{"0":[46,317]},"meta":{"lastBranch":1,"lastFunction":1,"lastStatement":8,"seen":{"s:3:23:3:Infinity":0,"s:4:23:10:Infinity":1,"s:12:27:18:Infinity":2,"f:20:24:20:41":0,"b:21:2:21:Infinity:undefined:undefined:undefined:undefined":0,"s:21:2:21:Infinity":3,"s:21:17:21:Infinity":4,"s:23:8:23:Infinity":5,"s:24:22:24:Infinity":6,"s:26:2:44:Infinity":7}}}
,"/Users/lohanlacroix/dev/tu/durand-lacroix-mybudget-testing/frontend/src/components/ProtectedRoute.jsx": {"path":"/Users/lohanlacroix/dev/tu/durand-lacroix-mybudget-testing/frontend/src/components/ProtectedRoute.jsx","statementMap":{"0":{"start":{"line":5,"column":37},"end":{"line":5,"column":null}},"1":{"start":{"line":7,"column":2},"end":{"line":16,"column":null}},"2":{"start":{"line":8,"column":4},"end":{"line":14,"column":null}},"3":{"start":{"line":18,"column":2},"end":{"line":20,"column":null}},"4":{"start":{"line":19,"column":4},"end":{"line":19,"column":null}},"5":{"start":{"line":22,"column":2},"end":{"line":22,"column":null}}},"fnMap":{"0":{"name":"ProtectedRoute","decl":{"start":{"line":4,"column":24},"end":{"line":4,"column":39}},"loc":{"start":{"line":4,"column":53},"end":{"line":23,"column":null}},"line":4}},"branchMap":{"0":{"loc":{"start":{"line":7,"column":2},"end":{"line":16,"column":null}},"type":"if","locations":[{"start":{"line":7,"column":2},"end":{"line":16,"column":null}},{"start":{},"end":{}}],"line":7},"1":{"loc":{"start":{"line":18,"column":2},"end":{"line":20,"column":null}},"type":"if","locations":[{"start":{"line":18,"column":2},"end":{"line":20,"column":null}},{"start":{},"end":{}}],"line":18}},"s":{"0":60,"1":60,"2":28,"3":32,"4":14,"5":18},"f":{"0":60},"b":{"0":[28,32],"1":[14,18]},"meta":{"lastBranch":2,"lastFunction":1,"lastStatement":6,"seen":{"f:4:24:4:39":0,"s:5:37:5:Infinity":0,"b:7:2:16:Infinity:undefined:undefined:undefined:undefined":0,"s:7:2:16:Infinity":1,"s:8:4:14:Infinity":2,"b:18:2:20:Infinity:undefined:undefined:undefined:undefined":1,"s:18:2:20:Infinity":3,"s:19:4:19:Infinity":4,"s:22:2:22:Infinity":5}}}
,"/Users/lohanlacroix/dev/tu/durand-lacroix-mybudget-testing/frontend/src/components/Skeleton.jsx": {"path":"/Users/lohanlacroix/dev/tu/durand-lacroix-mybudget-testing/frontend/src/components/Skeleton.jsx","statementMap":{"0":{"start":{"line":2,"column":2},"end":{"line":11,"column":null}},"1":{"start":{"line":5,"column":8},"end":{"line":9,"column":null}}},"fnMap":{"0":{"name":"Skeleton","decl":{"start":{"line":1,"column":24},"end":{"line":1,"column":33}},"loc":{"start":{"line":1,"column":48},"end":{"line":13,"column":null}},"line":1},"1":{"name":"(anonymous_1)","decl":{"start":{"line":4,"column":41},"end":{"line":4,"column":42}},"loc":{"start":{"line":5,"column":8},"end":{"line":9,"column":null}},"line":5}},"branchMap":{"0":{"loc":{"start":{"line":1,"column":35},"end":{"line":1,"column":45}},"type":"default-arg","locations":[{"start":{"line":1,"column":43},"end":{"line":1,"column":45}}],"line":1}},"s":{"0":60,"1":147},"f":{"0":60,"1":147},"b":{"0":[60]},"meta":{"lastBranch":1,"lastFunction":2,"lastStatement":2,"seen":{"f:1:24:1:33":0,"b:1:43:1:45":0,"s:2:2:11:Infinity":0,"f:4:41:4:42":1,"s:5:8:9:Infinity":1}}}
,"/Users/lohanlacroix/dev/tu/durand-lacroix-mybudget-testing/frontend/src/components/Toast.jsx": {"path":"/Users/lohanlacroix/dev/tu/durand-lacroix-mybudget-testing/frontend/src/components/Toast.jsx","statementMap":{"0":{"start":{"line":3,"column":6},"end":{"line":3,"column":null}},"1":{"start":{"line":6,"column":2},"end":{"line":6,"column":null}},"2":{"start":{"line":10,"column":26},"end":{"line":10,"column":null}},"3":{"start":{"line":12,"column":8},"end":{"line":16,"column":null}},"4":{"start":{"line":13,"column":15},"end":{"line":13,"column":null}},"5":{"start":{"line":14,"column":4},"end":{"line":14,"column":null}},"6":{"start":{"line":14,"column":22},"end":{"line":14,"column":54}},"7":{"start":{"line":15,"column":4},"end":{"line":15,"column":null}},"8":{"start":{"line":15,"column":21},"end":{"line":15,"column":71}},"9":{"start":{"line":15,"column":39},"end":{"line":15,"column":68}},"10":{"start":{"line":15,"column":56},"end":{"line":15,"column":67}},"11":{"start":{"line":18,"column":2},"end":{"line":35,"column":null}},"12":{"start":{"line":23,"column":10},"end":{"line":32,"column":null}}},"fnMap":{"0":{"name":"useToast","decl":{"start":{"line":5,"column":16},"end":{"line":5,"column":27}},"loc":{"start":{"line":5,"column":27},"end":{"line":7,"column":null}},"line":5},"1":{"name":"ToastProvider","decl":{"start":{"line":9,"column":16},"end":{"line":9,"column":30}},"loc":{"start":{"line":9,"column":44},"end":{"line":37,"column":null}},"line":9},"2":{"name":"(anonymous_2)","decl":{"start":{"line":12,"column":31},"end":{"line":12,"column":32}},"loc":{"start":{"line":12,"column":62},"end":{"line":16,"column":5}},"line":12},"3":{"name":"(anonymous_3)","decl":{"start":{"line":14,"column":14},"end":{"line":14,"column":22}},"loc":{"start":{"line":14,"column":22},"end":{"line":14,"column":54}},"line":14},"4":{"name":"(anonymous_4)","decl":{"start":{"line":15,"column":15},"end":{"line":15,"column":21}},"loc":{"start":{"line":15,"column":21},"end":{"line":15,"column":71}},"line":15},"5":{"name":"(anonymous_5)","decl":{"start":{"line":15,"column":31},"end":{"line":15,"column":39}},"loc":{"start":{"line":15,"column":39},"end":{"line":15,"column":68}},"line":15},"6":{"name":"(anonymous_6)","decl":{"start":{"line":15,"column":51},"end":{"line":15,"column":56}},"loc":{"start":{"line":15,"column":56},"end":{"line":15,"column":67}},"line":15},"7":{"name":"(anonymous_7)","decl":{"start":{"line":22,"column":20},"end":{"line":22,"column":null}},"loc":{"start":{"line":23,"column":10},"end":{"line":32,"column":null}},"line":23}},"branchMap":{"0":{"loc":{"start":{"line":12,"column":41},"end":{"line":12,"column":62}},"type":"default-arg","locations":[{"start":{"line":12,"column":48},"end":{"line":12,"column":62}}],"line":12},"1":{"loc":{"start":{"line":26,"column":14},"end":{"line":28,"column":null}},"type":"cond-expr","locations":[{"start":{"line":27,"column":18},"end":{"line":27,"column":null}},{"start":{"line":28,"column":18},"end":{"line":28,"column":null}}],"line":26}},"s":{"0":11,"1":1076,"2":114,"3":114,"4":26,"5":26,"6":26,"7":26,"8":0,"9":0,"10":0,"11":114,"12":22},"f":{"0":1076,"1":114,"2":26,"3":26,"4":0,"5":0,"6":0,"7":22},"b":{"0":[26],"1":[21,1]},"meta":{"lastBranch":2,"lastFunction":8,"lastStatement":13,"seen":{"s:3:6:3:Infinity":0,"f:5:16:5:27":0,"s:6:2:6:Infinity":1,"f:9:16:9:30":1,"s:10:26:10:Infinity":2,"s:12:8:16:Infinity":3,"f:12:31:12:32":2,"b:12:48:12:62":0,"s:13:15:13:Infinity":4,"s:14:4:14:Infinity":5,"f:14:14:14:22":3,"s:14:22:14:54":6,"s:15:4:15:Infinity":7,"f:15:15:15:21":4,"s:15:21:15:71":8,"f:15:31:15:39":5,"s:15:39:15:68":9,"f:15:51:15:56":6,"s:15:56:15:67":10,"s:18:2:35:Infinity":11,"f:22:20:22:Infinity":7,"s:23:10:32:Infinity":12,"b:27:18:27:Infinity:28:18:28:Infinity":1}}}
,"/Users/lohanlacroix/dev/tu/durand-lacroix-mybudget-testing/frontend/src/components/TransactionFormModal.jsx": {"path":"/Users/lohanlacroix/dev/tu/durand-lacroix-mybudget-testing/frontend/src/components/TransactionFormModal.jsx","statementMap":{"0":{"start":{"line":12,"column":8},"end":{"line":12,"column":null}},"1":{"start":{"line":13,"column":34},"end":{"line":13,"column":null}},"2":{"start":{"line":14,"column":28},"end":{"line":14,"column":null}},"3":{"start":{"line":15,"column":26},"end":{"line":15,"column":null}},"4":{"start":{"line":16,"column":22},"end":{"line":22,"column":null}},"5":{"start":{"line":24,"column":2},"end":{"line":41,"column":null}},"6":{"start":{"line":25,"column":4},"end":{"line":40,"column":null}},"7":{"start":{"line":26,"column":6},"end":{"line":28,"column":null}},"8":{"start":{"line":30,"column":6},"end":{"line":38,"column":null}},"9":{"start":{"line":31,"column":8},"end":{"line":37,"column":null}},"10":{"start":{"line":39,"column":6},"end":{"line":39,"column":null}},"11":{"start":{"line":43,"column":23},"end":{"line":46,"column":null}},"12":{"start":{"line":44,"column":4},"end":{"line":44,"column":null}},"13":{"start":{"line":44,"column":20},"end":{"line":44,"column":45}},"14":{"start":{"line":45,"column":4},"end":{"line":45,"column":null}},"15":{"start":{"line":45,"column":22},"end":{"line":45,"column":44}},"16":{"start":{"line":48,"column":19},"end":{"line":56,"column":null}},"17":{"start":{"line":49,"column":17},"end":{"line":49,"column":null}},"18":{"start":{"line":50,"column":4},"end":{"line":51,"column":null}},"19":{"start":{"line":51,"column":6},"end":{"line":51,"column":null}},"20":{"start":{"line":52,"column":4},"end":{"line":52,"column":null}},"21":{"start":{"line":52,"column":30},"end":{"line":52,"column":null}},"22":{"start":{"line":53,"column":4},"end":{"line":53,"column":null}},"23":{"start":{"line":53,"column":25},"end":{"line":53,"column":null}},"24":{"start":{"line":54,"column":4},"end":{"line":54,"column":null}},"25":{"start":{"line":54,"column":20},"end":{"line":54,"column":null}},"26":{"start":{"line":55,"column":4},"end":{"line":55,"column":null}},"27":{"start":{"line":58,"column":23},"end":{"line":86,"column":null}},"28":{"start":{"line":59,"column":4},"end":{"line":59,"column":null}},"29":{"start":{"line":61,"column":17},"end":{"line":61,"column":null}},"30":{"start":{"line":62,"column":4},"end":{"line":65,"column":null}},"31":{"start":{"line":63,"column":6},"end":{"line":63,"column":null}},"32":{"start":{"line":64,"column":6},"end":{"line":64,"column":null}},"33":{"start":{"line":67,"column":4},"end":{"line":67,"column":null}},"34":{"start":{"line":68,"column":4},"end":{"line":85,"column":null}},"35":{"start":{"line":69,"column":6},"end":{"line":75,"column":null}},"36":{"start":{"line":76,"column":6},"end":{"line":76,"column":null}},"37":{"start":{"line":77,"column":6},"end":{"line":77,"column":null}},"38":{"start":{"line":78,"column":6},"end":{"line":78,"column":null}},"39":{"start":{"line":81,"column":8},"end":{"line":81,"column":null}},"40":{"start":{"line":82,"column":6},"end":{"line":82,"column":null}},"41":{"start":{"line":84,"column":6},"end":{"line":84,"column":null}},"42":{"start":{"line":88,"column":2},"end":{"line":224,"column":null}},"43":{"start":{"line":104,"column":29},"end":{"line":104,"column":null}},"44":{"start":{"line":115,"column":29},"end":{"line":115,"column":null}},"45":{"start":{"line":136,"column":29},"end":{"line":136,"column":null}},"46":{"start":{"line":154,"column":29},"end":{"line":154,"column":null}},"47":{"start":{"line":172,"column":31},"end":{"line":172,"column":null}},"48":{"start":{"line":177,"column":16},"end":{"line":179,"column":null}},"49":{"start":{"line":195,"column":31},"end":{"line":195,"column":null}}},"fnMap":{"0":{"name":"TransactionFormModal","decl":{"start":{"line":6,"column":24},"end":{"line":6,"column":45}},"loc":{"start":{"line":11,"column":3},"end":{"line":226,"column":null}},"line":11},"1":{"name":"(anonymous_1)","decl":{"start":{"line":24,"column":12},"end":{"line":24,"column":18}},"loc":{"start":{"line":24,"column":18},"end":{"line":41,"column":5}},"line":24},"2":{"name":"(anonymous_2)","decl":{"start":{"line":28,"column":15},"end":{"line":28,"column":21}},"loc":{"start":{"line":28,"column":21},"end":{"line":28,"column":23}},"line":28},"3":{"name":"(anonymous_3)","decl":{"start":{"line":43,"column":23},"end":{"line":43,"column":24}},"loc":{"start":{"line":43,"column":41},"end":{"line":46,"column":null}},"line":43},"4":{"name":"(anonymous_4)","decl":{"start":{"line":44,"column":12},"end":{"line":44,"column":13}},"loc":{"start":{"line":44,"column":20},"end":{"line":44,"column":45}},"line":44},"5":{"name":"(anonymous_5)","decl":{"start":{"line":45,"column":14},"end":{"line":45,"column":15}},"loc":{"start":{"line":45,"column":22},"end":{"line":45,"column":44}},"line":45},"6":{"name":"(anonymous_6)","decl":{"start":{"line":48,"column":19},"end":{"line":48,"column":25}},"loc":{"start":{"line":48,"column":25},"end":{"line":56,"column":null}},"line":48},"7":{"name":"(anonymous_7)","decl":{"start":{"line":58,"column":23},"end":{"line":58,"column":30}},"loc":{"start":{"line":58,"column":36},"end":{"line":86,"column":null}},"line":58},"8":{"name":"(anonymous_8)","decl":{"start":{"line":104,"column":23},"end":{"line":104,"column":29}},"loc":{"start":{"line":104,"column":29},"end":{"line":104,"column":null}},"line":104},"9":{"name":"(anonymous_9)","decl":{"start":{"line":115,"column":23},"end":{"line":115,"column":29}},"loc":{"start":{"line":115,"column":29},"end":{"line":115,"column":null}},"line":115},"10":{"name":"(anonymous_10)","decl":{"start":{"line":136,"column":22},"end":{"line":136,"column":23}},"loc":{"start":{"line":136,"column":29},"end":{"line":136,"column":null}},"line":136},"11":{"name":"(anonymous_11)","decl":{"start":{"line":154,"column":22},"end":{"line":154,"column":23}},"loc":{"start":{"line":154,"column":29},"end":{"line":154,"column":null}},"line":154},"12":{"name":"(anonymous_12)","decl":{"start":{"line":172,"column":24},"end":{"line":172,"column":25}},"loc":{"start":{"line":172,"column":31},"end":{"line":172,"column":null}},"line":172},"13":{"name":"(anonymous_13)","decl":{"start":{"line":176,"column":30},"end":{"line":176,"column":31}},"loc":{"start":{"line":177,"column":16},"end":{"line":179,"column":null}},"line":177},"14":{"name":"(anonymous_14)","decl":{"start":{"line":195,"column":24},"end":{"line":195,"column":25}},"loc":{"start":{"line":195,"column":31},"end":{"line":195,"column":null}},"line":195}},"branchMap":{"0":{"loc":{"start":{"line":25,"column":4},"end":{"line":40,"column":null}},"type":"if","locations":[{"start":{"line":25,"column":4},"end":{"line":40,"column":null}},{"start":{},"end":{}}],"line":25},"1":{"loc":{"start":{"line":30,"column":6},"end":{"line":38,"column":null}},"type":"if","locations":[{"start":{"line":30,"column":6},"end":{"line":38,"column":null}},{"start":{},"end":{}}],"line":30},"2":{"loc":{"start":{"line":32,"column":19},"end":{"line":32,"column":null}},"type":"binary-expr","locations":[{"start":{"line":32,"column":19},"end":{"line":32,"column":42}},{"start":{"line":32,"column":42},"end":{"line":32,"column":null}}],"line":32},"3":{"loc":{"start":{"line":33,"column":19},"end":{"line":33,"column":null}},"type":"binary-expr","locations":[{"start":{"line":33,"column":19},"end":{"line":33,"column":42}},{"start":{"line":33,"column":42},"end":{"line":33,"column":null}}],"line":33},"4":{"loc":{"start":{"line":34,"column":16},"end":{"line":34,"column":null}},"type":"binary-expr","locations":[{"start":{"line":34,"column":16},"end":{"line":34,"column":36}},{"start":{"line":34,"column":36},"end":{"line":34,"column":null}}],"line":34},"5":{"loc":{"start":{"line":35,"column":21},"end":{"line":35,"column":null}},"type":"binary-expr","locations":[{"start":{"line":35,"column":21},"end":{"line":35,"column":46}},{"start":{"line":35,"column":46},"end":{"line":35,"column":null}}],"line":35},"6":{"loc":{"start":{"line":36,"column":16},"end":{"line":36,"column":null}},"type":"binary-expr","locations":[{"start":{"line":36,"column":16},"end":{"line":36,"column":36}},{"start":{"line":36,"column":36},"end":{"line":36,"column":null}}],"line":36},"7":{"loc":{"start":{"line":50,"column":4},"end":{"line":51,"column":null}},"type":"if","locations":[{"start":{"line":50,"column":4},"end":{"line":51,"column":null}},{"start":{},"end":{}}],"line":50},"8":{"loc":{"start":{"line":50,"column":8},"end":{"line":50,"column":null}},"type":"binary-expr","locations":[{"start":{"line":50,"column":8},"end":{"line":50,"column":25}},{"start":{"line":50,"column":25},"end":{"line":50,"column":null}}],"line":50},"9":{"loc":{"start":{"line":52,"column":4},"end":{"line":52,"column":null}},"type":"if","locations":[{"start":{"line":52,"column":4},"end":{"line":52,"column":null}},{"start":{},"end":{}}],"line":52},"10":{"loc":{"start":{"line":53,"column":4},"end":{"line":53,"column":null}},"type":"if","locations":[{"start":{"line":53,"column":4},"end":{"line":53,"column":null}},{"start":{},"end":{}}],"line":53},"11":{"loc":{"start":{"line":54,"column":4},"end":{"line":54,"column":null}},"type":"if","locations":[{"start":{"line":54,"column":4},"end":{"line":54,"column":null}},{"start":{},"end":{}}],"line":54},"12":{"loc":{"start":{"line":62,"column":4},"end":{"line":65,"column":null}},"type":"if","locations":[{"start":{"line":62,"column":4},"end":{"line":65,"column":null}},{"start":{},"end":{}}],"line":62},"13":{"loc":{"start":{"line":81,"column":8},"end":{"line":81,"column":null}},"type":"binary-expr","locations":[{"start":{"line":81,"column":8},"end":{"line":81,"column":38}},{"start":{"line":81,"column":38},"end":{"line":81,"column":null}}],"line":81},"14":{"loc":{"start":{"line":91,"column":9},"end":{"line":94,"column":null}},"type":"binary-expr","locations":[{"start":{"line":91,"column":9},"end":{"line":91,"column":null}},{"start":{"line":92,"column":10},"end":{"line":94,"column":null}}],"line":91},"15":{"loc":{"start":{"line":106,"column":16},"end":{"line":108,"column":null}},"type":"cond-expr","locations":[{"start":{"line":107,"column":20},"end":{"line":107,"column":null}},{"start":{"line":108,"column":20},"end":{"line":108,"column":null}}],"line":106},"16":{"loc":{"start":{"line":117,"column":16},"end":{"line":119,"column":null}},"type":"cond-expr","locations":[{"start":{"line":118,"column":20},"end":{"line":118,"column":null}},{"start":{"line":119,"column":20},"end":{"line":119,"column":null}}],"line":117},"17":{"loc":{"start":{"line":140,"column":11},"end":{"line":143,"column":null}},"type":"binary-expr","locations":[{"start":{"line":140,"column":11},"end":{"line":140,"column":null}},{"start":{"line":141,"column":12},"end":{"line":143,"column":null}}],"line":140},"18":{"loc":{"start":{"line":158,"column":11},"end":{"line":161,"column":null}},"type":"binary-expr","locations":[{"start":{"line":158,"column":11},"end":{"line":158,"column":null}},{"start":{"line":159,"column":12},"end":{"line":161,"column":null}}],"line":158},"19":{"loc":{"start":{"line":182,"column":13},"end":{"line":185,"column":null}},"type":"binary-expr","locations":[{"start":{"line":182,"column":13},"end":{"line":182,"column":null}},{"start":{"line":183,"column":14},"end":{"line":185,"column":null}}],"line":182},"20":{"loc":{"start":{"line":198,"column":13},"end":{"line":199,"column":null}},"type":"binary-expr","locations":[{"start":{"line":198,"column":13},"end":{"line":198,"column":null}},{"start":{"line":199,"column":14},"end":{"line":199,"column":null}}],"line":198},"21":{"loc":{"start":{"line":212,"column":15},"end":{"line":217,"column":null}},"type":"cond-expr","locations":[{"start":{"line":213,"column":16},"end":{"line":213,"column":null}},{"start":{"line":215,"column":16},"end":{"line":217,"column":null}}],"line":212},"22":{"loc":{"start":{"line":219,"column":15},"end":{"line":219,"column":null}},"type":"cond-expr","locations":[{"start":{"line":219,"column":25},"end":{"line":219,"column":47}},{"start":{"line":219,"column":47},"end":{"line":219,"column":null}}],"line":219}},"s":{"0":196,"1":196,"2":196,"3":196,"4":196,"5":196,"6":45,"7":13,"8":13,"9":13,"10":13,"11":196,"12":34,"13":34,"14":34,"15":34,"16":196,"17":9,"18":9,"19":1,"20":9,"21":0,"22":9,"23":1,"24":9,"25":0,"26":9,"27":196,"28":9,"29":9,"30":9,"31":2,"32":2,"33":7,"34":7,"35":7,"36":3,"37":3,"38":3,"39":4,"40":4,"41":7,"42":196,"43":0,"44":0,"45":9,"46":24,"47":1,"48":186,"49":0},"f":{"0":196,"1":45,"2":0,"3":34,"4":34,"5":34,"6":9,"7":9,"8":0,"9":0,"10":9,"11":24,"12":1,"13":186,"14":0},"b":{"0":[13,32],"1":[13,0],"2":[13,0],"3":[13,0],"4":[13,0],"5":[13,0],"6":[13,0],"7":[1,8],"8":[9,8],"9":[0,9],"10":[1,8],"11":[0,9],"12":[2,7],"13":[4,0],"14":[196,4],"15":[196,0],"16":[0,196],"17":[196,1],"18":[196,0],"19":[196,1],"20":[196,0],"21":[7,189],"22":[7,189]},"meta":{"lastBranch":23,"lastFunction":15,"lastStatement":50,"seen":{"f:6:24:6:45":0,"s:12:8:12:Infinity":0,"s:13:34:13:Infinity":1,"s:14:28:14:Infinity":2,"s:15:26:15:Infinity":3,"s:16:22:22:Infinity":4,"s:24:2:41:Infinity":5,"f:24:12:24:18":1,"b:25:4:40:Infinity:undefined:undefined:undefined:undefined":0,"s:25:4:40:Infinity":6,"s:26:6:28:Infinity":7,"f:28:15:28:21":2,"b:30:6:38:Infinity:undefined:undefined:undefined:undefined":1,"s:30:6:38:Infinity":8,"s:31:8:37:Infinity":9,"b:32:19:32:42:32:42:32:Infinity":2,"b:33:19:33:42:33:42:33:Infinity":3,"b:34:16:34:36:34:36:34:Infinity":4,"b:35:21:35:46:35:46:35:Infinity":5,"b:36:16:36:36:36:36:36:Infinity":6,"s:39:6:39:Infinity":10,"s:43:23:46:Infinity":11,"f:43:23:43:24":3,"s:44:4:44:Infinity":12,"f:44:12:44:13":4,"s:44:20:44:45":13,"s:45:4:45:Infinity":14,"f:45:14:45:15":5,"s:45:22:45:44":15,"s:48:19:56:Infinity":16,"f:48:19:48:25":6,"s:49:17:49:Infinity":17,"b:50:4:51:Infinity:undefined:undefined:undefined:undefined":7,"s:50:4:51:Infinity":18,"b:50:8:50:25:50:25:50:Infinity":8,"s:51:6:51:Infinity":19,"b:52:4:52:Infinity:undefined:undefined:undefined:undefined":9,"s:52:4:52:Infinity":20,"s:52:30:52:Infinity":21,"b:53:4:53:Infinity:undefined:undefined:undefined:undefined":10,"s:53:4:53:Infinity":22,"s:53:25:53:Infinity":23,"b:54:4:54:Infinity:undefined:undefined:undefined:undefined":11,"s:54:4:54:Infinity":24,"s:54:20:54:Infinity":25,"s:55:4:55:Infinity":26,"s:58:23:86:Infinity":27,"f:58:23:58:30":7,"s:59:4:59:Infinity":28,"s:61:17:61:Infinity":29,"b:62:4:65:Infinity:undefined:undefined:undefined:undefined":12,"s:62:4:65:Infinity":30,"s:63:6:63:Infinity":31,"s:64:6:64:Infinity":32,"s:67:4:67:Infinity":33,"s:68:4:85:Infinity":34,"s:69:6:75:Infinity":35,"s:76:6:76:Infinity":36,"s:77:6:77:Infinity":37,"s:78:6:78:Infinity":38,"s:81:8:81:Infinity":39,"b:81:8:81:38:81:38:81:Infinity":13,"s:82:6:82:Infinity":40,"s:84:6:84:Infinity":41,"s:88:2:224:Infinity":42,"b:91:9:91:Infinity:92:10:94:Infinity":14,"f:104:23:104:29":8,"s:104:29:104:Infinity":43,"b:107:20:107:Infinity:108:20:108:Infinity":15,"f:115:23:115:29":9,"s:115:29:115:Infinity":44,"b:118:20:118:Infinity:119:20:119:Infinity":16,"f:136:22:136:23":10,"s:136:29:136:Infinity":45,"b:140:11:140:Infinity:141:12:143:Infinity":17,"f:154:22:154:23":11,"s:154:29:154:Infinity":46,"b:158:11:158:Infinity:159:12:161:Infinity":18,"f:172:24:172:25":12,"s:172:31:172:Infinity":47,"f:176:30:176:31":13,"s:177:16:179:Infinity":48,"b:182:13:182:Infinity:183:14:185:Infinity":19,"f:195:24:195:25":14,"s:195:31:195:Infinity":49,"b:198:13:198:Infinity:199:14:199:Infinity":20,"b:213:16:213:Infinity:215:16:217:Infinity":21,"b:219:25:219:47:219:47:219:Infinity":22}}}
[...]
31},"end":{"line":232,"column":null}},"line":232},"28":{"name":"(anonymous_28)","decl":{"start":{"line":236,"column":30},"end":{"line":236,"column":31}},"loc":{"start":{"line":237,"column":16},"end":{"line":239,"column":null}},"line":237},"29":{"name":"(anonymous_29)","decl":{"start":{"line":250,"column":21},"end":{"line":250,"column":27}},"loc":{"start":{"line":250,"column":27},"end":{"line":253,"column":null}},"line":250},"30":{"name":"(anonymous_30)","decl":{"start":{"line":274,"column":23},"end":{"line":274,"column":29}},"loc":{"start":{"line":274,"column":29},"end":{"line":286,"column":null}},"line":274},"31":{"name":"(anonymous_31)","decl":{"start":{"line":314,"column":38},"end":{"line":314,"column":39}},"loc":{"start":{"line":314,"column":52},"end":{"line":515,"column":13}},"line":314},"32":{"name":"(anonymous_32)","decl":{"start":{"line":435,"column":37},"end":{"line":435,"column":43}},"loc":{"start":{"line":435,"column":43},"end":{"line":435,"column":null}},"line":435},"33":{"name":"(anonymous_33)","decl":{"start":{"line":456,"column":37},"end":{"line":456,"column":43}},"loc":{"start":{"line":456,"column":43},"end":{"line":459,"column":null}},"line":456},"34":{"name":"(anonymous_34)","decl":{"start":{"line":485,"column":33},"end":{"line":485,"column":39}},"loc":{"start":{"line":485,"column":39},"end":{"line":488,"column":null}},"line":485},"35":{"name":"(anonymous_35)","decl":{"start":{"line":522,"column":17},"end":{"line":522,"column":23}},"loc":{"start":{"line":522,"column":23},"end":{"line":522,"column":null}},"line":522},"36":{"name":"(anonymous_36)","decl":{"start":{"line":530,"column":17},"end":{"line":530,"column":23}},"loc":{"start":{"line":530,"column":23},"end":{"line":530,"column":null}},"line":530}},"branchMap":{"0":{"loc":{"start":{"line":61,"column":6},"end":{"line":63,"column":null}},"type":"if","locations":[{"start":{"line":61,"column":6},"end":{"line":63,"column":null}},{"start":{},"end":{}}],"line":61},"1":{"loc":{"start":{"line":66,"column":4},"end":{"line":68,"column":null}},"type":"if","locations":[{"start":{"line":66,"column":4},"end":{"line":68,"column":null}},{"start":{},"end":{}}],"line":66},"2":{"loc":{"start":{"line":79,"column":17},"end":{"line":79,"column":null}},"type":"binary-expr","locations":[{"start":{"line":79,"column":17},"end":{"line":79,"column":54}},{"start":{"line":79,"column":54},"end":{"line":79,"column":null}}],"line":79},"3":{"loc":{"start":{"line":95,"column":4},"end":{"line":95,"column":null}},"type":"if","locations":[{"start":{"line":95,"column":4},"end":{"line":95,"column":null}},{"start":{},"end":{}}],"line":95},"4":{"loc":{"start":{"line":129,"column":4},"end":{"line":129,"column":null}},"type":"if","locations":[{"start":{"line":129,"column":4},"end":{"line":129,"column":null}},{"start":{},"end":{}}],"line":129},"5":{"loc":{"start":{"line":138,"column":25},"end":{"line":138,"column":null}},"type":"cond-expr","locations":[{"start":{"line":138,"column":47},"end":{"line":138,"column":59}},{"start":{"line":138,"column":59},"end":{"line":138,"column":null}}],"line":138},"6":{"loc":{"start":{"line":159,"column":58},"end":{"line":159,"column":112}},"type":"cond-expr","locations":[{"start":{"line":159,"column":80},"end":{"line":159,"column":100}},{"start":{"line":159,"column":100},"end":{"line":159,"column":112}}],"line":159},"7":{"loc":{"start":{"line":161,"column":17},"end":{"line":161,"column":null}},"type":"cond-expr","locations":[{"start":{"line":161,"column":38},"end":{"line":161,"column":44}},{"start":{"line":161,"column":44},"end":{"line":161,"column":null}}],"line":161},"8":{"loc":{"start":{"line":255,"column":14},"end":{"line":259,"column":null}},"type":"cond-expr","locations":[{"start":{"line":256,"column":18},"end":{"line":256,"column":null}},{"start":{"line":257,"column":18},"end":{"line":259,"column":null}}],"line":255},"9":{"loc":{"start":{"line":257,"column":18},"end":{"line":259,"column":null}},"type":"cond-expr","locations":[{"start":{"line":258,"column":20},"end":{"line":258,"column":null}},{"start":{"line":259,"column":20},"end":{"line":259,"column":null}}],"line":257},"10":{"loc":{"start":{"line":262,"column":13},"end":{"line":266,"column":null}},"type":"cond-expr","locations":[{"start":{"line":263,"column":16},"end":{"line":263,"column":null}},{"start":{"line":264,"column":16},"end":{"line":266,"column":null}}],"line":262},"11":{"loc":{"start":{"line":264,"column":16},"end":{"line":266,"column":null}},"type":"cond-expr","locations":[{"start":{"line":265,"column":18},"end":{"line":265,"column":null}},{"start":{"line":266,"column":18},"end":{"line":266,"column":null}}],"line":264},"12":{"loc":{"start":{"line":267,"column":10},"end":{"line":290,"column":null}},"type":"binary-expr","locations":[{"start":{"line":269,"column":12},"end":{"line":269,"column":null}},{"start":{"line":270,"column":12},"end":{"line":270,"column":null}},{"start":{"line":271,"column":12},"end":{"line":271,"column":null}},{"start":{"line":272,"column":12},"end":{"line":272,"column":null}},{"start":{"line":273,"column":12},"end":{"line":290,"column":null}}],"line":267},"13":{"loc":{"start":{"line":298,"column":9},"end":{"line":516,"column":null}},"type":"cond-expr","locations":[{"start":{"line":299,"column":10},"end":{"line":301,"column":null}},{"start":{"line":302,"column":12},"end":{"line":516,"column":null}}],"line":298},"14":{"loc":{"start":{"line":302,"column":12},"end":{"line":516,"column":null}},"type":"cond-expr","locations":[{"start":{"line":303,"column":10},"end":{"line":311,"column":null}},{"start":{"line":313,"column":10},"end":{"line":516,"column":null}}],"line":302},"15":{"loc":{"start":{"line":318,"column":28},"end":{"line":331,"column":null}},"type":"cond-expr","locations":[{"start":{"line":319,"column":18},"end":{"line":325,"column":null}},{"start":{"line":326,"column":18},"end":{"line":331,"column":null}}],"line":318},"16":{"loc":{"start":{"line":341,"column":22},"end":{"line":341,"column":105}},"type":"cond-expr","locations":[{"start":{"line":341,"column":33},"end":{"line":341,"column":73}},{"start":{"line":341,"column":73},"end":{"line":341,"column":105}}],"line":341},"17":{"loc":{"start":{"line":376,"column":26},"end":{"line":376,"column":65}},"type":"cond-expr","locations":[{"start":{"line":376,"column":37},"end":{"line":376,"column":55}},{"start":{"line":376,"column":55},"end":{"line":376,"column":65}}],"line":376},"18":{"loc":{"start":{"line":403,"column":25},"end":{"line":403,"column":null}},"type":"cond-expr","locations":[{"start":{"line":403,"column":36},"end":{"line":403,"column":42}},{"start":{"line":403,"column":42},"end":{"line":403,"column":null}}],"line":403},"19":{"loc":{"start":{"line":419,"column":37},"end":{"line":421,"column":null}},"type":"cond-expr","locations":[{"start":{"line":420,"column":30},"end":{"line":420,"column":null}},{"start":{"line":421,"column":30},"end":{"line":421,"column":null}}],"line":419},"20":{"loc":{"start":{"line":428,"column":39},"end":{"line":430,"column":null}},"type":"cond-expr","locations":[{"start":{"line":429,"column":32},"end":{"line":429,"column":null}},{"start":{"line":430,"column":32},"end":{"line":430,"column":null}}],"line":428},"21":{"loc":{"start":{"line":491,"column":35},"end":{"line":491,"column":null}},"type":"cond-expr","locations":[{"start":{"line":491,"column":58},"end":{"line":491,"column":62}},{"start":{"line":491,"column":62},"end":{"line":491,"column":null}}],"line":491},"22":{"loc":{"start":{"line":492,"column":41},"end":{"line":492,"column":null}},"type":"cond-expr","locations":[{"start":{"line":492,"column":64},"end":{"line":492,"column":73}},{"start":{"line":492,"column":73},"end":{"line":492,"column":null}}],"line":492},"23":{"loc":{"start":{"line":533,"column":91},"end":{"line":533,"column":124}},"type":"binary-expr","locations":[{"start":{"line":533,"column":91},"end":{"line":533,"column":123}},{"start":{"line":533,"column":123},"end":{"line":533,"column":124}}],"line":533}},"s":{"0":123,"1":123,"2":123,"3":123,"4":123,"5":30,"6":30,"7":30,"8":30,"9":30,"10":30,"11":123,"12":30,"13":30,"14":123,"15":123,"16":123,"17":123,"18":123,"19":123,"20":123,"21":123,"22":123,"23":30,"24":30,"25":123,"26":76,"27":22,"28":0,"29":76,"30":22,"31":22,"32":76,"33":76,"34":123,"35":38,"36":38,"37":38,"38":1,"39":37,"40":123,"41":30,"42":123,"43":2,"44":2,"45":2,"46":2,"47":0,"48":2,"49":1,"50":123,"51":13,"52":13,"53":123,"54":9,"55":9,"56":123,"57":8,"58":8,"59":8,"60":4,"61":4,"62":4,"63":8,"64":8,"65":8,"66":123,"67":3,"68":123,"69":65,"70":65,"71":0,"72":0,"73":0,"74":123,"75":65,"76":60,"77":123,"78":0,"79":0,"80":0,"81":0,"82":1,"83":279,"84":1,"85":1,"86":0,"87":0,"88":0,"89":0,"90":0,"91":0,"92":171,"93":171,"94":171,"95":171,"96":22,"97":13,"98":13,"99":9,"100":9,"101":3,"102":0},"f":{"0":123,"1":30,"2":30,"3":30,"4":30,"5":0,"6":76,"7":22,"8":22,"9":76,"10":38,"11":1,"12":37,"13":30,"14":2,"15":1,"16":13,"17":9,"18":8,"19":3,"20":65,"21":0,"22":65,"23":60,"24":0,"25":0,"26":0,"27":1,"28":279,"29":1,"30":0,"31":171,"32":22,"33":13,"34":9,"35":3,"36":0},"b":{"0":[0,22],"1":[22,54],"2":[38,37],"3":[0,2],"4":[65,0],"5":[29,31],"6":[115,8],"7":[82,41],"8":[122,1],"9":[1,0],"10":[122,1],"11":[1,0],"12":[123,0,0,0,123],"13":[30,93],"14":[3,90],"15":[82,89],"16":[82,89],"17":[82,89],"18":[82,89],"19":[22,149],"20":[22,149],"21":[22,149],"22":[22,149],"23":[123,106]},"meta":{"lastBranch":24,"lastFunction":37,"lastStatement":103,"seen":{"f:15:24:15:42":0,"s:16:8:16:Infinity":0,"s:17:38:17:Infinity":1,"s:18:34:18:Infinity":2,"s:19:28:19:Infinity":3,"s:21:26:28:Infinity":4,"f:21:26:21:32":1,"s:22:18:22:Infinity":5,"s:23:21:23:Infinity":6,"s:24:26:24:Infinity":7,"s:25:4:25:Infinity":8,"s:26:23:26:Infinity":9,"s:27:4:27:Infinity":10,"s:30:28:38:Infinity":11,"f:30:41:30:47":2,"s:31:37:31:Infinity":12,"s:32:4:37:Infinity":13,"s:40:40:40:Infinity":14,"s:42:52:42:Infinity":15,"s:43:40:43:Infinity":16,"s:44:48:44:Infinity":17,"s:45:52:45:Infinity":18,"s:46:34:46:Infinity":19,"s:47:42:47:Infinity":20,"s:49:8:49:Infinity":21,"s:51:2:57:Infinity":22,"f:51:12:51:18":3,"s:52:4:56:Infinity":23,"f:53:12:53:13":4,"s:54:8:54:Infinity":24,"f:56:13:56:19":5,"s:59:2:73:Infinity":25,"f:59:12:59:18":6,"s:60:31:64:Infinity":26,"f:60:31:60:32":7,"b:61:6:63:Infinity:undefined:undefined:undefined:undefined":0,"s:61:6:63:Infinity":27,"s:62:8:62:Infinity":28,"b:66:4:68:Infinity:undefined:undefined:undefined:undefined":1,"s:66:4:68:Infinity":29,"f:66:41:66:42":8,"s:66:50:66:69":30,"s:67:6:67:Infinity":31,"s:70:4:72:Infinity":32,"f:70:11:70:17":9,"s:71:6:71:Infinity":33,"s:75:8:85:Infinity":34,"f:75:32:75:33":10,"s:76:4:76:Infinity":35,"s:77:23:80:Infinity":36,"b:79:17:79:54:79:54:79:Infinity":2,"s:81:4:84:Infinity":37,"f:83:13:83:19":11,"s:83:19:83:38":38,"f:84:15:84:21":12,"s:84:21:84:38":39,"s:87:2:89:Infinity":40,"f:87:12:87:18":13,"s:88:4:88:Infinity":41,"s:91:29:97:Infinity":42,"f:91:29:91:30":14,"s:92:4:92:Infinity":43,"s:93:17:93:Infinity":44,"s:94:4:94:Infinity":45,"b:95:4:95:Infinity:undefined:undefined:undefined:undefined":3,"s:95:4:95:Infinity":46,"s:95:29:95:Infinity":47,"s:96:4:96:Infinity":48,"f:96:37:96:43":15,"s:96:43:96:60":49,"s:99:21:102:Infinity":50,"f:99:21:99:22":16,"s:100:4:100:Infinity":51,"s:101:4:101:Infinity":52,"s:104:28:107:Infinity":53,"f:104:28:104:29":17,"s:105:4:105:Infinity":54,"s:106:4:106:Infinity":55,"s:109:30:122:Infinity":56,"f:109:30:109:42":18,"s:110:4:121:Infinity":57,"s:111:6:111:Infinity":58,"s:112:6:112:Infinity":59,"s:113:6:113:Infinity":60,"s:114:6:114:Infinity":61,"s:116:6:116:Infinity":62,"s:118:6:118:Infinity":63,"s:119:6:119:Infinity":64,"s:120:6:120:Infinity":65,"s:124:28:126:Infinity":66,"f:124:28:124:34":19,"s:125:4:125:Infinity":67,"s:128:8:134:Infinity":68,"f:128:39:128:45":20,"b:129:4:129:Infinity:undefined:undefined:undefined:undefined":4,"s:129:4:129:Infinity":69,"s:129:31:129:Infinity":70,"s:130:20:130:Infinity":71,"s:131:4:133:Infinity":72,"f:131:31:131:32":21,"s:132:6:132:Infinity":73,"s:136:8:141:Infinity":74,"f:136:33:136:39":22,"s:137:4:140:Infinity":75,"f:138:6:138:7":23,"s:138:18:138:Infinity":76,"b:138:47:138:59:138:59:138:Infinity":5,"s:143:2:540:Infinity":77,"b:159:80:159:100:159:100:159:112":6,"b:161:38:161:44:161:44:161:Infinity":7,"f:189:26:189:27":24,"s:190:18:190:Infinity":78,"f:203:26:203:27":25,"s:203:33:203:Infinity":79,"f:218:24:218:25":26,"s:219:16:219:Infinity":80,"s:220:16:220:Infinity":81,"f:232:24:232:25":27,"s:232:31:232:Infinity":82,"f:236:30:236:31":28,"s:237:16:239:Infinity":83,"f:250:21:250:27":29,"s:251:28:251:Infinity":84,"s:252:14:252:Infinity":85,"b:256:18:256:Infinity:257:18:259:Infinity":8,"b:258:20:258:Infinity:259:20:259:Infinity":9,"b:263:16:263:Infinity:264:16:266:Infinity":10,"b:265:18:265:Infinity:266:18:266:Infinity":11,"b:269:12:269:Infinity:270:12:270:Infinity:271:12:271:Infinity:272:12:272:Infinity:273:12:290:Infinity":12,"f:274:23:274:29":30,"s:275:16:275:Infinity":86,"s:276:49:276:Infinity":87,"s:277:39:282:Infinity":88,"s:283:16:283:Infinity":89,"s:284:16:284:Infinity":90,"s:285:16:285:Infinity":91,"b:299:10:301:Infinity:302:12:516:Infinity":13,"b:303:10:311:Infinity:313:10:516:Infinity":14,"f:314:38:314:39":31,"s:315:31:315:Infinity":92,"s:316:30:316:Infinity":93,"s:318:28:331:Infinity":94,"b:319:18:325:Infinity:326:18:331:Infinity":15,"s:333:14:513:Infinity":95,"b:341:33:341:73:341:73:341:105":16,"b:376:37:376:55:376:55:376:65":17,"b:403:36:403:42:403:42:403:Infinity":18,"b:420:30:420:Infinity:421:30:421:Infinity":19,"b:429:32:429:Infinity:430:32:430:Infinity":20,"f:435:37:435:43":32,"s:435:43:435:Infinity":96,"f:456:37:456:43":33,"s:457:30:457:Infinity":97,"s:458:30:458:Infinity":98,"f:485:33:485:39":34,"s:486:26:486:Infinity":99,"s:487:26:487:Infinity":100,"b:491:58:491:62:491:62:491:Infinity":21,"b:492:64:492:73:492:73:492:Infinity":22,"f:522:17:522:23":35,"s:522:23:522:Infinity":101,"f:530:17:530:23":36,"s:530:23:530:Infinity":102,"b:533:91:533:123:533:123:533:124":23}}}
,"/Users/lohanlacroix/dev/tu/durand-lacroix-mybudget-testing/frontend/src/utils/validation.js": {"path":"/Users/lohanlacroix/dev/tu/durand-lacroix-mybudget-testing/frontend/src/utils/validation.js","statementMap":{"0":{"start":{"line":1,"column":32},"end":{"line":6,"column":1}},"1":{"start":{"line":2,"column":17},"end":{"line":2,"column":19}},"2":{"start":{"line":3,"column":2},"end":{"line":3,"column":null}},"3":{"start":{"line":3,"column":27},"end":{"line":3,"column":null}},"4":{"start":{"line":4,"column":2},"end":{"line":4,"column":null}},"5":{"start":{"line":4,"column":28},"end":{"line":4,"column":null}},"6":{"start":{"line":5,"column":2},"end":{"line":5,"column":null}},"7":{"start":{"line":8,"column":35},"end":{"line":16,"column":1}},"8":{"start":{"line":9,"column":17},"end":{"line":9,"column":18}},"9":{"start":{"line":10,"column":2},"end":{"line":10,"column":null}},"10":{"start":{"line":10,"column":28},"end":{"line":10,"column":null}},"11":{"start":{"line":11,"column":2},"end":{"line":11,"column":null}},"12":{"start":{"line":11,"column":29},"end":{"line":11,"column":null}},"13":{"start":{"line":12,"column":2},"end":{"line":12,"column":null}},"14":{"start":{"line":12,"column":56},"end":{"line":12,"column":null}},"15":{"start":{"line":13,"column":2},"end":{"line":13,"column":null}},"16":{"start":{"line":13,"column":27},"end":{"line":13,"column":null}},"17":{"start":{"line":14,"column":2},"end":{"line":14,"column":null}},"18":{"start":{"line":14,"column":37},"end":{"line":14,"column":null}},"19":{"start":{"line":15,"column":2},"end":{"line":15,"column":null}},"20":{"start":{"line":18,"column":32},"end":{"line":21,"column":1}},"21":{"start":{"line":19,"column":2},"end":{"line":19,"column":null}},"22":{"start":{"line":19,"column":40},"end":{"line":19,"column":null}},"23":{"start":{"line":20,"column":2},"end":{"line":20,"column":null}}},"fnMap":{"0":{"name":"(anonymous_0)","decl":{"start":{"line":1,"column":32},"end":{"line":1,"column":33}},"loc":{"start":{"line":1,"column":46},"end":{"line":6,"column":1}},"line":1},"1":{"name":"(anonymous_1)","decl":{"start":{"line":8,"column":35},"end":{"line":8,"column":36}},"loc":{"start":{"line":8,"column":49},"end":{"line":16,"column":1}},"line":8},"2":{"name":"(anonymous_2)","decl":{"start":{"line":18,"column":32},"end":{"line":18,"column":33}},"loc":{"start":{"line":18,"column":46},"end":{"line":21,"column":1}},"line":18}},"branchMap":{"0":{"loc":{"start":{"line":3,"column":2},"end":{"line":3,"column":null}},"type":"if","locations":[{"start":{"line":3,"column":2},"end":{"line":3,"column":null}},{"start":{},"end":{}}],"line":3},"1":{"loc":{"start":{"line":4,"column":2},"end":{"line":4,"column":null}},"type":"if","locations":[{"start":{"line":4,"column":2},"end":{"line":4,"column":null}},{"start":{},"end":{}}],"line":4},"2":{"loc":{"start":{"line":10,"column":2},"end":{"line":10,"column":null}},"type":"if","locations":[{"start":{"line":10,"column":2},"end":{"line":10,"column":null}},{"start":{},"end":{}}],"line":10},"3":{"loc":{"start":{"line":11,"column":2},"end":{"line":11,"column":null}},"type":"if","locations":[{"start":{"line":11,"column":2},"end":{"line":11,"column":null}},{"start":{},"end":{}}],"line":11},"4":{"loc":{"start":{"line":12,"column":2},"end":{"line":12,"column":null}},"type":"if","locations":[{"start":{"line":12,"column":2},"end":{"line":12,"column":null}},{"start":{},"end":{}}],"line":12},"5":{"loc":{"start":{"line":12,"column":6},"end":{"line":12,"column":54}},"type":"binary-expr","locations":[{"start":{"line":12,"column":6},"end":{"line":12,"column":28}},{"start":{"line":12,"column":32},"end":{"line":12,"column":54}}],"line":12},"6":{"loc":{"start":{"line":13,"column":2},"end":{"line":13,"column":null}},"type":"if","locations":[{"start":{"line":13,"column":2},"end":{"line":13,"column":null}},{"start":{},"end":{}}],"line":13},"7":{"loc":{"start":{"line":14,"column":2},"end":{"line":14,"column":null}},"type":"if","locations":[{"start":{"line":14,"column":2},"end":{"line":14,"column":null}},{"start":{},"end":{}}],"line":14},"8":{"loc":{"start":{"line":19,"column":2},"end":{"line":19,"column":null}},"type":"if","locations":[{"start":{"line":19,"column":2},"end":{"line":19,"column":null}},{"start":{},"end":{}}],"line":19},"9":{"loc":{"start":{"line":19,"column":6},"end":{"line":19,"column":38}},"type":"binary-expr","locations":[{"start":{"line":19,"column":6},"end":{"line":19,"column":15}},{"start":{"line":19,"column":19},"end":{"line":19,"column":38}}],"line":19}},"s":{"0":11,"1":10,"2":10,"3":2,"4":10,"5":2,"6":10,"7":11,"8":319,"9":319,"10":253,"11":319,"12":224,"13":319,"14":163,"15":319,"16":115,"17":319,"18":95,"19":319,"20":11,"21":9,"22":2,"23":7},"f":{"0":10,"1":319,"2":9},"b":{"0":[2,8],"1":[2,8],"2":[253,66],"3":[224,95],"4":[163,156],"5":[319,164],"6":[115,204],"7":[95,224],"8":[2,7],"9":[9,7]},"meta":{"lastBranch":10,"lastFunction":3,"lastStatement":24,"seen":{"s:1:32:6:1":0,"f:1:32:1:33":0,"s:2:17:2:19":1,"b:3:2:3:Infinity:undefined:undefined:undefined:undefined":0,"s:3:2:3:Infinity":2,"s:3:27:3:Infinity":3,"b:4:2:4:Infinity:undefined:undefined:undefined:undefined":1,"s:4:2:4:Infinity":4,"s:4:28:4:Infinity":5,"s:5:2:5:Infinity":6,"s:8:35:16:1":7,"f:8:35:8:36":1,"s:9:17:9:18":8,"b:10:2:10:Infinity:undefined:undefined:undefined:undefined":2,"s:10:2:10:Infinity":9,"s:10:28:10:Infinity":10,"b:11:2:11:Infinity:undefined:undefined:undefined:undefined":3,"s:11:2:11:Infinity":11,"s:11:29:11:Infinity":12,"b:12:2:12:Infinity:undefined:undefined:undefined:undefined":4,"s:12:2:12:Infinity":13,"b:12:6:12:28:12:32:12:54":5,"s:12:56:12:Infinity":14,"b:13:2:13:Infinity:undefined:undefined:undefined:undefined":6,"s:13:2:13:Infinity":15,"s:13:27:13:Infinity":16,"b:14:2:14:Infinity:undefined:undefined:undefined:undefined":7,"s:14:2:14:Infinity":17,"s:14:37:14:Infinity":18,"s:15:2:15:Infinity":19,"s:18:32:21:1":20,"f:18:32:18:33":2,"b:19:2:19:Infinity:undefined:undefined:undefined:undefined":8,"s:19:2:19:Infinity":21,"b:19:6:19:15:19:19:19:38":9,"s:19:40:19:Infinity":22,"s:20:2:20:Infinity":23}}}
}
